Print level:                1
The number of threads used for parallelism:      6
The spheric-GTO basis set is taken from ../../../basis-set-pool/STO-3G
The pruning method will be nwchem
The radial grid generation method will be treutler
ERI Type: ri_v
Turn on the basis pair symmetry for RI 3D-tensors
The spheric-GTO auxiliary basis set is taken from ../../../basis-set-pool/def2-SV(P)-JKFIT
The exchange-correlation method: hf
Spin polarization: Off
Read grids from the external file: none
Charge:   0; Spin:   1
min_num_angular_points: 110
max_num_angular_points: 590
hardness: 3
Grid generation level: 3
Even tempered basis generation: false
SCF convergency thresholds: 1e-5 for density matrix
                            1e-5 Ha. for sum of eigenvalues
                            1e-8 Ha. for total energy
Max. SCF cycle number:      100
The diis mixing with (param, max_vec_len) = (0.6, 8) is employed for the SCF procedure
Turn on the diis mixing after 1 step(s) of SCF iteractions with the linear mixing
WARNING: The specified external initial guess file (guessfile) is missing 
(none). 
 The external initial guess will not be imported.

The specified checkfile exists but is not loaded because the keyword 'external_init_guess' is specified
It will be updated after the SCF procedure 
(none)
Initial guess is prepared by (sad).
It is a cluster calculation for finite molecules
the functional of 'hf' contains
Libxc version used in REST: 5.2.3
nbas: 80, natm: 36 for standard basis sets
First valence state for the frozen-core algorithm:     0
final nbas: 714,final natm: 72
numbasis: 124, num_auxbas: 1902
Restricted Hartree-Fock (or Kohn-Sham) algorithm is invoked.
Nuc_energy: 1491.1045142738824
Overlap matrix is nonsigular:
  Lowest eigenvalue:       0.17442979 with the total number of basis functions:    124
Generate SAD of C
Generate SAD of H
Error happens when inversing the matrix. dgetrf info: 1; dgetri info: 1
WARNING: fail to obtain the DIIS coefficients. Turn to use the linear mixing algorithm, and re-invoke DIIS  8 steps later
Initial guess HF energy:    -839.49686125
The total energy:      -819.4804213896 Ha by the initial guess
Energy:    -612.1398404521 Ha after    1 iterations (in       0.17 seconds).
SCF Change: DM 3.96836e-1; eev  9.19570e0 Ha; etot  1.76461e2 Ha
Energy:    -435.6786086902 Ha after    2 iterations (in       0.17 seconds).
SCF Change: DM 2.79461e-1; eev  4.92293e1 Ha; etot 4.52477e-1 Ha
Energy:    -435.2261320477 Ha after    3 iterations (in       0.16 seconds).
SCF Change: DM 2.80070e-2; eev  2.16008e0 Ha; etot -3.93601e2 Ha
Energy:    -828.8272233662 Ha after    4 iterations (in       0.20 seconds).
SCF Change: DM 8.19722e-3; eev 8.22990e-1 Ha; etot -2.07949e0 Ha
Energy:    -830.9067177630 Ha after    5 iterations (in       0.24 seconds).
SCF Change: DM 3.14326e-3; eev 4.33539e-1 Ha; etot -2.76509e-2 Ha
Energy:    -830.9343686689 Ha after    6 iterations (in       0.26 seconds).
SCF Change: DM 2.50578e-3; eev 1.75657e-1 Ha; etot -5.71728e-2 Ha
Energy:    -830.9915414811 Ha after    7 iterations (in       0.26 seconds).
SCF Change: DM 1.53791e-3; eev 6.17489e-2 Ha; etot -2.22763e-2 Ha
Energy:    -831.0138177841 Ha after    8 iterations (in       0.28 seconds).
SCF Change: DM 9.44629e-4; eev 4.23004e-2 Ha; etot -7.88338e-3 Ha
Energy:    -831.0217011636 Ha after    9 iterations (in       0.26 seconds).
SCF Change: DM 3.87976e-4; eev 2.95794e-2 Ha; etot -2.06409e-3 Ha
Energy:    -831.0237652560 Ha after   10 iterations (in       0.26 seconds).
SCF Change: DM 1.74589e-4; eev 4.96856e-3 Ha; etot -3.37432e-4 Ha
Energy:    -831.0241026885 Ha after   11 iterations (in       0.29 seconds).
SCF Change: DM 5.35824e-5; eev 2.04194e-3 Ha; etot -5.12491e-5 Ha
Energy:    -831.0241539376 Ha after   12 iterations (in       0.29 seconds).
SCF Change: DM 2.72074e-5; eev 6.46649e-4 Ha; etot -4.96815e-6 Ha
Energy:    -831.0241589058 Ha after   13 iterations (in       0.32 seconds).
SCF Change: DM 1.19361e-5; eev 3.97613e-4 Ha; etot -1.03786e-6 Ha
Energy:    -831.0241599436 Ha after   14 iterations (in       0.27 seconds).
SCF Change: DM 6.02251e-6; eev 1.80450e-4 Ha; etot -1.87812e-7 Ha
Energy:    -831.0241601314 Ha after   15 iterations (in       0.28 seconds).
SCF Change: DM 3.48603e-6; eev 6.05424e-5 Ha; etot -4.43006e-8 Ha
Energy:    -831.0241601757 Ha after   16 iterations (in       0.27 seconds).
SCF Change: DM 1.55879e-6; eev 3.06368e-5 Ha; etot -1.20071e-8 Ha
Energy:    -831.0241601878 Ha after   17 iterations (in       0.26 seconds).
SCF Change: DM 6.94665e-7; eev 1.04369e-5 Ha; etot -2.37287e-9 Ha
Energy:    -831.0241601901 Ha after   18 iterations (in       0.25 seconds).
SCF Change: DM 3.01459e-7; eev 3.43505e-6 Ha; etot -4.35193e-10 Ha
Energy:    -831.0241601906 Ha after   19 iterations (in       0.26 seconds).
SCF is converged after   19 iterations.
the job spends            14.71 seconds

====================================================
              REST: Mission accomplished
====================================================
The SCF (HF) energy:    -831.02416019 Ha
Detailed time report:
Overall   |:   14.726 s for the whole job
SCF       |:   14.726 s for the scf procedure
