#INFO: **** input file is /share/home/wenxinzy/export/REST/doc/examples/RIHF-PEN/rihf_pen.py ****
#!/usr/bin/env python3                                                                                                                                                                                                                
import pyscf
import numpy
from pyscf import gto, scf, ci,df,lib, dft
from pyscf.lib import chkfile
import scipy
from time import ctime, time
	   
lib.num_threads(48)
TimeStart = time()
mol = gto.Mole(
        atom='''
             C   -6.1218053484 -0.7171513386  0.0000000000 
             C   -4.9442285958 -1.4113046519  0.0000000000
             C   -3.6803098659 -0.7276441672  0.0000000000 
             C   -2.4688049693 -1.4084918967  0.0000000000
             C   -1.2270315983 -0.7284607452  0.0000000000
             C    0.0000000000 -1.4090846909  0.0000000000
             C    1.2270315983 -0.7284607452  0.0000000000 
             C    2.4688049693 -1.4084918967  0.0000000000 
             C    3.6803098659 -0.7276441672  0.0000000000
             C    4.9442285958 -1.4113046519  0.0000000000
             C    6.1218053484 -0.7171513386  0.0000000000 
             C    6.1218053484  0.7171513386  0.0000000000
             C    4.9442285958  1.4113046519  0.0000000000
             C    3.6803098659  0.7276441672  0.0000000000
             C    2.4688049693  1.4084918967  0.0000000000
             C    1.2270315983  0.7284607452  0.0000000000
             C    0.0000000000  1.4090846909  0.0000000000
             C   -1.2270315983  0.7284607452  0.0000000000
             C   -2.4688049693  1.4084918967  0.0000000000
             C   -3.6803098659  0.7276441672  0.0000000000
             C   -4.9442285958  1.4113046519  0.0000000000
             C   -6.1218053484  0.7171513386  0.0000000000
             H   -7.0692917090 -1.2490690741  0.0000000000
             H   -4.9430735200 -2.4988605526  0.0000000000
             H   -2.4690554105 -2.4968374995  0.0000000000
             H    0.0000000000 -2.4973235097  0.0000000000
             H    2.4690554105 -2.4968374995  0.0000000000
             H    4.9430735200 -2.4988605526  0.0000000000
             H    7.0692917090 -1.2490690741  0.0000000000
             H    7.0692917090  1.2490690741  0.0000000000
             H    4.9430735200  2.4988605526  0.0000000000
             H    2.4690554105  2.4968374995  0.0000000000
             H    0.0000000000  2.4973235097  0.0000000000
             H   -2.4690554105  2.4968374995  0.0000000000
             H   -4.9430735200  2.4988605526  0.0000000000
             H   -7.0692917090  1.2490690741  0.0000000000''',
    basis='sto-3g',verbose=5
).build()
#method = dft.RHF(mol).density_fit(auxbasis="def2-QZVPP-RIFIT")
#method.xc = 'x3lypg'
#method.grids.becke_scheme = dft.original_becke
#method.grids.level = 3
method = scf.RHF(mol).density_fit(auxbasis="def2-svp-jkfit")
method.chkfile='restart.chk'
D = method.get_init_guess(mol,'minao')
method.init_guess = 'minao'
method.chkfile='init_guess.chk'
chkfile.save_mol(mol,method.chkfile)
chkfile.dump(method.chkfile,"init_guess",D)

print('Default DFT(RI-HF).  E = %.12f' % method.kernel())
print("Total job time: %10.2f(wall)" %(time()-TimeStart))

#INFO: ******************** input file end ********************


System: uname_result(system='Linux', node='xn01', release='3.10.0-1127.el7.x86_64', version='#1 SMP Tue Feb 18 16:39:12 EST 2020', machine='x86_64')  Threads 48
Python 3.9.7 (default, Sep 16 2021, 13:09:58) 
[GCC 7.5.0]
numpy 1.20.3  scipy 1.7.1
Date: Wed Aug 17 09:39:17 2022
PySCF version 2.0.1
PySCF path  /share/apps/rust/anaconda3/lib/python3.9/site-packages/pyscf

[CONFIG] conf_file None
[INPUT] verbose = 5
[INPUT] max_memory = 4000 
[INPUT] num. atoms = 36
[INPUT] num. electrons = 146
[INPUT] charge = 0
[INPUT] spin (= nelec alpha-beta = 2S) = 0
[INPUT] symmetry False subgroup None
[INPUT] Mole.unit = angstrom
[INPUT]  1 C     -6.121805348400  -0.717151338600   0.000000000000 AA  -11.568535496374  -1.355219619819   0.000000000000 Bohr
[INPUT]  2 C     -4.944228595800  -1.411304651900   0.000000000000 AA   -9.343237943305  -2.666979270416   0.000000000000 Bohr
[INPUT]  3 C     -3.680309865900  -0.727644167200   0.000000000000 AA   -6.954777700086  -1.375048192145   0.000000000000 Bohr
[INPUT]  4 C     -2.468804969300  -1.408491896700   0.000000000000 AA   -4.665365246942  -2.661663933432   0.000000000000 Bohr
[INPUT]  5 C     -1.227031598300  -0.728460745200   0.000000000000 AA   -2.318753666974  -1.376591300925   0.000000000000 Bohr
[INPUT]  6 C      0.000000000000  -1.409084690900   0.000000000000 AA    0.000000000000  -2.662784152118   0.000000000000 Bohr
[INPUT]  7 C      1.227031598300  -0.728460745200   0.000000000000 AA    2.318753666974  -1.376591300925   0.000000000000 Bohr
[INPUT]  8 C      2.468804969300  -1.408491896700   0.000000000000 AA    4.665365246942  -2.661663933432   0.000000000000 Bohr
[INPUT]  9 C      3.680309865900  -0.727644167200   0.000000000000 AA    6.954777700086  -1.375048192145   0.000000000000 Bohr
[INPUT] 10 C      4.944228595800  -1.411304651900   0.000000000000 AA    9.343237943305  -2.666979270416   0.000000000000 Bohr
[INPUT] 11 C      6.121805348400  -0.717151338600   0.000000000000 AA   11.568535496374  -1.355219619819   0.000000000000 Bohr
[INPUT] 12 C      6.121805348400   0.717151338600   0.000000000000 AA   11.568535496374   1.355219619819   0.000000000000 Bohr
[INPUT] 13 C      4.944228595800   1.411304651900   0.000000000000 AA    9.343237943305   2.666979270416   0.000000000000 Bohr
[INPUT] 14 C      3.680309865900   0.727644167200   0.000000000000 AA    6.954777700086   1.375048192145   0.000000000000 Bohr
[INPUT] 15 C      2.468804969300   1.408491896700   0.000000000000 AA    4.665365246942   2.661663933432   0.000000000000 Bohr
[INPUT] 16 C      1.227031598300   0.728460745200   0.000000000000 AA    2.318753666974   1.376591300925   0.000000000000 Bohr
[INPUT] 17 C      0.000000000000   1.409084690900   0.000000000000 AA    0.000000000000   2.662784152118   0.000000000000 Bohr
[INPUT] 18 C     -1.227031598300   0.728460745200   0.000000000000 AA   -2.318753666974   1.376591300925   0.000000000000 Bohr
[INPUT] 19 C     -2.468804969300   1.408491896700   0.000000000000 AA   -4.665365246942   2.661663933432   0.000000000000 Bohr
[INPUT] 20 C     -3.680309865900   0.727644167200   0.000000000000 AA   -6.954777700086   1.375048192145   0.000000000000 Bohr
[INPUT] 21 C     -4.944228595800   1.411304651900   0.000000000000 AA   -9.343237943305   2.666979270416   0.000000000000 Bohr
[INPUT] 22 C     -6.121805348400   0.717151338600   0.000000000000 AA  -11.568535496374   1.355219619819   0.000000000000 Bohr
[INPUT] 23 H     -7.069291709000  -1.249069074100   0.000000000000 AA  -13.359025224668  -2.360398460713   0.000000000000 Bohr
[INPUT] 24 H     -4.943073520000  -2.498860552600   0.000000000000 AA   -9.341055166390  -4.722162067893   0.000000000000 Bohr
[INPUT] 25 H     -2.469055410500  -2.496837499500   0.000000000000 AA   -4.665838512221  -4.718339051599   0.000000000000 Bohr
[INPUT] 26 H      0.000000000000  -2.497323509700   0.000000000000 AA    0.000000000000  -4.719257477771   0.000000000000 Bohr
[INPUT] 27 H      2.469055410500  -2.496837499500   0.000000000000 AA    4.665838512221  -4.718339051599   0.000000000000 Bohr
[INPUT] 28 H      4.943073520000  -2.498860552600   0.000000000000 AA    9.341055166390  -4.722162067893   0.000000000000 Bohr
[INPUT] 29 H      7.069291709000  -1.249069074100   0.000000000000 AA   13.359025224668  -2.360398460713   0.000000000000 Bohr
[INPUT] 30 H      7.069291709000   1.249069074100   0.000000000000 AA   13.359025224668   2.360398460713   0.000000000000 Bohr
[INPUT] 31 H      4.943073520000   2.498860552600   0.000000000000 AA    9.341055166390   4.722162067893   0.000000000000 Bohr
[INPUT] 32 H      2.469055410500   2.496837499500   0.000000000000 AA    4.665838512221   4.718339051599   0.000000000000 Bohr
[INPUT] 33 H      0.000000000000   2.497323509700   0.000000000000 AA    0.000000000000   4.719257477771   0.000000000000 Bohr
[INPUT] 34 H     -2.469055410500   2.496837499500   0.000000000000 AA   -4.665838512221   4.718339051599   0.000000000000 Bohr
[INPUT] 35 H     -4.943073520000   2.498860552600   0.000000000000 AA   -9.341055166390   4.722162067893   0.000000000000 Bohr
[INPUT] 36 H     -7.069291709000   1.249069074100   0.000000000000 AA  -13.359025224668   2.360398460713   0.000000000000 Bohr
[INPUT] ---------------- BASIS SET ---------------- 
[INPUT] l, kappa, [nprim/nctr], expnt,             c_1 c_2 ...
[INPUT] C
[INPUT] 0    0    [3    /1   ]  71.616837         0.15432897
                                13.045096         0.53532814
                                3.5305122         0.44463454
[INPUT] 0    0    [3    /1   ]  2.9412494         -0.09996723
                                0.6834831         0.39951283
                                0.2222899         0.70011547
[INPUT] 1    0    [3    /1   ]  2.9412494         0.15591627
                                0.6834831         0.60768372
                                0.2222899         0.39195739
[INPUT] H
[INPUT] 0    0    [3    /1   ]  3.42525091        0.15432897
                                0.62391373        0.53532814
                                0.1688554         0.44463454

nuclear repulsion = 1491.10452165646
number of shells = 80
number of NR pGTOs = 372
number of NR cGTOs = 124
basis = sto-3g
ecp = {}
CPU time:         0.43


******** <class 'pyscf.df.df_jk.density_fit.<locals>.DFHF'> ********
method = DFHF-RHF
initial guess = minao
damping factor = 0
level_shift factor = 0
DIIS = <class 'pyscf.scf.diis.CDIIS'>
diis_start_cycle = 1
diis_space = 8
SCF conv_tol = 1e-09
SCF conv_tol_grad = None
SCF max_cycles = 50
direct_scf = True
direct_scf_tol = 1e-13
chkfile to save SCF result = init_guess.chk
max_memory 4000 MB (current use 89 MB)
Set gradient conv threshold to 3.16228e-05
******** <class 'pyscf.df.df.DF'> ********
auxbasis = def2-svp-jkfit
max_memory = 4000
_cderi_to_save = /share/home/wenxinzy/export/REST/doc/examples/RIHF-PEN/tmp3mucbyxy
num shells = 634, num cGTOs = 1902
size of aux basis 1902
int3c2e [1/1], AO [0:80], nrow = 7750
    CPU time for cholesky_eri     20.13 sec, wall time      1.39 sec
    CPU time for df vj and vk     25.61 sec, wall time      1.56 sec
E1 = -4083.362671080822  E_coul = 1752.9778833734185
init E= -839.280266050941
cond(S) = 14.536876275729918
    CPU time for initialize scf     29.36 sec, wall time      1.68 sec
  HOMO = -0.106972534893278  LUMO = -0.0229591634508582
  mo_energy =
[-11.14595161 -11.14348704 -11.14223956 -11.14052197 -11.1393764
 -11.13863383 -11.13845596 -11.13820496 -11.13724532 -11.13718579
 -11.13510056 -11.13508371 -11.1334258  -11.13342248 -11.12940434
 -11.12940428 -11.1284718  -11.12847179 -11.12413612 -11.12413612
 -11.12197329 -11.12197329  -1.78649363  -1.72663313  -1.63785749
  -1.5233917   -1.45514797  -1.40241482  -1.39015193  -1.32648461
  -1.25770261  -1.23054377  -1.12290702  -1.05647217  -0.93553709
  -0.92428811  -0.902533    -0.87573995  -0.86735866  -0.82254653
  -0.70598008  -0.66359294  -0.65626552  -0.61450791  -0.60466513
  -0.58091557  -0.57066745  -0.5687172   -0.49706719  -0.48959224
  -0.479963    -0.47328536  -0.46862785  -0.46002082  -0.45302938
  -0.44257839  -0.42673765  -0.40132699  -0.39987354  -0.3861912
  -0.34486298  -0.34245492  -0.33603527  -0.31740478  -0.3139045
  -0.30406482  -0.29369876  -0.28274489  -0.26240874  -0.23391837
  -0.20798783  -0.17247262  -0.10697253  -0.02295916   0.05276619
   0.09160251   0.11993615   0.1525962    0.17166959   0.20109269
   0.23063544   0.30602892   0.3671538    0.4032766    0.40739757
   0.40954072   0.43905888   0.4443444    0.45495984   0.46121849
   0.46655747   0.46664502   0.47065327   0.47530705   0.50071082
   0.5047821    0.50539627   0.50632217   0.51754696   0.56932236
   0.57480071   0.57894758   0.58135567   0.59368177   0.65691287
   0.67046324   0.67422465   0.68109272   0.72363277   0.75098309
   0.75973198   0.76796584   0.78425374   0.80872854   0.84109452
   0.84343961   0.84517922   0.84996426   0.91695864   0.92433216
   0.97962938   1.01163104   1.02512084   1.03415138]
    CPU time for df vj and vk      5.79 sec, wall time      0.18 sec
E1 = -4095.978723725687  E_coul = 1773.9906943650178
cycle= 1 E= -830.883507704206  delta_E=  8.4  |g|= 0.553  |ddm|= 8.83
    CPU time for cycle= 1      6.87 sec, wall time      0.21 sec
  HOMO = -0.135690235753649  LUMO = 0.116872593186904
  mo_energy =
[-11.03963256 -11.03963239 -11.03958904 -11.03958874 -11.03681389
 -11.03681386 -11.03676319 -11.03676317 -11.02892579 -11.02891157
 -11.02891072 -11.02881447 -11.02082424 -11.02082423 -11.02075162
 -11.0207516  -11.00562005 -11.00561981 -11.00554183 -11.00554072
 -11.0017812  -11.0017022   -1.12363823  -1.11062017  -1.08094118
  -1.04138356  -1.00566061  -0.99282903  -0.99160318  -0.9618404
  -0.93772607  -0.92193631  -0.87214403  -0.84165929  -0.78320949
  -0.78119264  -0.75785078  -0.7464147   -0.7407739   -0.72268535
  -0.6541323   -0.64433734  -0.64347367  -0.60881832  -0.59054143
  -0.58891419  -0.56707879  -0.56671463  -0.54407412  -0.52812933
  -0.52600443  -0.522682    -0.50501946  -0.50499121  -0.4990473
  -0.4870357   -0.47811467  -0.47233845  -0.46057902  -0.43552137
  -0.43227512  -0.42593744  -0.40026909  -0.38710852  -0.38187772
  -0.37732218  -0.36032993  -0.33460949  -0.3061852   -0.28599604
  -0.2326582   -0.21914214  -0.13569024   0.11687259   0.20273247
   0.22407601   0.28047758   0.30134275   0.34064629   0.38285588
   0.39484223   0.47832769   0.54480851   0.5632105    0.57723984
   0.58449031   0.59195196   0.60094688   0.62747285   0.63814189
   0.64462341   0.65266608   0.67302867   0.68413088   0.68635101
   0.68657852   0.69162307   0.69238869   0.70517734   0.73783788
   0.7513027    0.75132012   0.75432063   0.76025709   0.81394751
   0.83497289   0.84289226   0.84384857   0.87571562   0.91785122
   0.92142095   0.92908101   0.94177308   0.97285609   1.00272275
   1.00583927   1.00717404   1.01525955   1.07616169   1.07854613
   1.13392926   1.16686732   1.19358122   1.19614502]
    CPU time for df vj and vk      4.35 sec, wall time      0.14 sec
E1 = -4095.191596725189  E_coul = 1773.0732095219144
cycle= 2 E= -831.013865546811  delta_E= -0.13  |g|= 0.142  |ddm|= 1.08
    CPU time for cycle= 2      5.52 sec, wall time      0.17 sec
  HOMO = -0.150124288031387  LUMO = 0.11015471234998
  mo_energy =
[-11.04786581 -11.04784055 -11.04783809 -11.04774363 -11.04384635
 -11.0437714  -11.04069899 -11.04069879 -11.04061733 -11.04061578
 -11.03564315 -11.03564299 -11.03559532 -11.03559505 -11.03312788
 -11.03312787 -11.03305141 -11.0330514  -11.01891078 -11.01891077
 -11.01888662 -11.0188866   -1.13307002  -1.11067444  -1.08123165
  -1.04168983  -1.01660291  -0.99420863  -0.99139182  -0.96418028
  -0.93798701  -0.92450705  -0.87754987  -0.84483963  -0.78688648
  -0.7821287   -0.76704002  -0.75125184  -0.74486586  -0.72351188
  -0.65598382  -0.65072358  -0.6494183   -0.61717106  -0.59566671
  -0.59343173  -0.58078625  -0.57392694  -0.55395064  -0.53420712
  -0.53415229  -0.53046273  -0.52452143  -0.51127166  -0.51053826
  -0.49600939  -0.49396883  -0.48127155  -0.46996982  -0.43986058
  -0.43868235  -0.43557788  -0.40977921  -0.40888836  -0.39990723
  -0.38065685  -0.3739385   -0.33991679  -0.30851935  -0.29120284
  -0.24069581  -0.22584986  -0.15012429   0.11015471   0.19926121
   0.21960749   0.27624863   0.30354239   0.33557181   0.36941975
   0.39317978   0.47584955   0.54213974   0.55544019   0.58036351
   0.58575166   0.59597114   0.60123575   0.62410581   0.63526362
   0.64420848   0.64519441   0.66813665   0.68068586   0.68941281
   0.69512599   0.69746936   0.7048894    0.72309443   0.73549114
   0.75024652   0.75026217   0.75306528   0.75975857   0.81016756
   0.82898436   0.83707895   0.84148319   0.87142401   0.913001
   0.91812564   0.92598358   0.93442826   0.96453383   0.99192428
   0.99891386   0.99946378   1.00133395   1.06868697   1.07339033
   1.1285255    1.16352786   1.17491743   1.18429996]
    CPU time for df vj and vk      3.77 sec, wall time      0.12 sec
E1 = -4095.328962431124  E_coul = 1773.2009583071267
cycle= 3 E= -831.023482467534  delta_E= -0.00962  |g|= 0.0321  |ddm|= 0.349
    CPU time for cycle= 3      4.49 sec, wall time      0.14 sec
  HOMO = -0.146418310992211  LUMO = 0.115425325389335
  mo_energy =
[-11.04187396 -11.04187377 -11.04182306 -11.04182278 -11.03972307
 -11.03970348 -11.03970228 -11.03960542 -11.03328158 -11.03328157
 -11.03327245 -11.03327243 -11.02989432 -11.02989432 -11.02982838
 -11.02982837 -11.02739395 -11.02739146 -11.02731609 -11.02731355
 -11.0270874  -11.02700696  -1.1272342   -1.11018339  -1.0809661
  -1.04114908  -1.00979384  -0.99186938  -0.99180893  -0.96220531
  -0.93724083  -0.92246044  -0.87429368  -0.84330884  -0.78429667
  -0.78231013  -0.76201656  -0.74931172  -0.7434275   -0.72281328
  -0.65483528  -0.64933171  -0.648644    -0.61552883  -0.59575862
  -0.59165085  -0.5746486   -0.57087623  -0.55362887  -0.53554513
  -0.53359365  -0.5293224   -0.51867786  -0.51200841  -0.50614993
  -0.49499398  -0.49001952  -0.48094469  -0.46940918  -0.44151907
  -0.4384551   -0.43483973  -0.4101035   -0.40541627  -0.39596866
  -0.38052563  -0.3678094   -0.33827145  -0.31016483  -0.28987254
  -0.2388687   -0.22453673  -0.14641831   0.11542533   0.20113056
   0.2217239    0.27773116   0.30240434   0.33686144   0.37504575
   0.3933796    0.47619978   0.54213453   0.56002339   0.58421722
   0.58537466   0.59229104   0.60200068   0.62773005   0.63888937
   0.64655017   0.65132197   0.67430169   0.68498372   0.69246752
   0.69297948   0.69538789   0.70545054   0.71923936   0.73880292
   0.75186064   0.75271831   0.75491139   0.76024092   0.81220543
   0.83114072   0.83919513   0.84242644   0.87248576   0.91462656
   0.91860906   0.92626465   0.93585554   0.96684337   0.99711765
   0.9997956    1.0002696    1.00515744   1.06984012   1.07353862
   1.12820311   1.16195334   1.18142599   1.18686365]
    CPU time for df vj and vk      4.08 sec, wall time      0.13 sec
E1 = -4095.2786501453584  E_coul = 1773.1501446890677
cycle= 4 E= -831.023983799827  delta_E= -0.000501  |g|= 0.0096  |ddm|= 0.0561
    CPU time for cycle= 4      4.93 sec, wall time      0.15 sec
  HOMO = -0.146615993995068  LUMO = 0.1172833556128
  mo_energy =
[-11.04078355 -11.04076879 -11.040764   -11.04067188 -11.03944731
 -11.03944707 -11.03939408 -11.03939371 -11.02993867 -11.02993865
 -11.02991002 -11.02991001 -11.02909749 -11.02909749 -11.02906573
 -11.02906571 -11.02625799 -11.02625568 -11.02618032 -11.02617793
 -11.02594125 -11.02586064  -1.12666024  -1.10890054  -1.0798984
  -1.04013914  -1.00931937  -0.99087134  -0.99053995  -0.961387
  -0.93619874  -0.92165671  -0.87342804  -0.84235532  -0.78349231
  -0.78131908  -0.76170562  -0.74866716  -0.74280541  -0.72194557
  -0.65408925  -0.64890544  -0.64799338  -0.61495718  -0.59487936
  -0.59104575  -0.57447284  -0.57050189  -0.55270658  -0.53426789
  -0.53289721  -0.52873863  -0.51847116  -0.51086478  -0.50566562
  -0.49418667  -0.48921446  -0.47973734  -0.46871835  -0.44024171
  -0.43743072  -0.434041    -0.40905892  -0.40452004  -0.39546214
  -0.37960633  -0.36709147  -0.33720919  -0.30926641  -0.28903265
  -0.23823185  -0.22387671  -0.14661599   0.11728336   0.20238746
   0.22237324   0.27864942   0.30401504   0.337782     0.37535547
   0.39427384   0.47701437   0.54312632   0.56017502   0.58478695
   0.5858514    0.59290988   0.60252095   0.6278934    0.63907559
   0.64673445   0.65119566   0.67405491   0.68509431   0.69352698
   0.69366223   0.69670384   0.7059237    0.72009923   0.73892432
   0.75220254   0.75296358   0.75515203   0.76133069   0.81258674
   0.83170031   0.83969617   0.84329937   0.87301739   0.91541001
   0.91979706   0.92724153   0.93657548   0.9676392    0.99768757
   1.00067399   1.00133      1.00562586   1.0706149    1.07455061
   1.12936309   1.16333985   1.18175946   1.18771486]
    CPU time for df vj and vk      3.95 sec, wall time      0.12 sec
E1 = -4095.2865486360183  E_coul = 1773.1578913476278
cycle= 5 E= -831.024135631927  delta_E= -0.000152  |g|= 0.00354  |ddm|= 0.0385
    CPU time for cycle= 5      4.78 sec, wall time      0.15 sec
  HOMO = -0.147481978118289  LUMO = 0.117450431913313
  mo_energy =
[-11.0402206  -11.04022047 -11.040175   -11.04017329 -11.03984444
 -11.03982424 -11.03982212 -11.03972654 -11.03045524 -11.03045522
 -11.0304397  -11.03043969 -11.02922931 -11.02922931 -11.02918168
 -11.02918166 -11.02735317 -11.02733982 -11.0272902  -11.02728127
 -11.02726223 -11.02720436  -1.12683981  -1.10929635  -1.08013941
  -1.04034075  -1.00960527  -0.99123122  -0.99091212  -0.96164072
  -0.93641879  -0.92189784  -0.87378989  -0.8426374   -0.78377595
  -0.78156251  -0.76188215  -0.74894067  -0.74298092  -0.72220513
  -0.65432701  -0.64905151  -0.64819417  -0.61518976  -0.5950693
  -0.59127284  -0.57471923  -0.5707231   -0.55288833  -0.53459508
  -0.53307545  -0.52895035  -0.51869525  -0.51122406  -0.50585908
  -0.49436708  -0.48945697  -0.4800438   -0.4688281   -0.44055379
  -0.43760342  -0.4341895   -0.40934729  -0.4048034   -0.39558715
  -0.37979195  -0.36727859  -0.33755663  -0.30981509  -0.28930657
  -0.2384031   -0.22427716  -0.14748198   0.11745043   0.2022511
   0.22218658   0.27845977   0.30379602   0.33744292   0.37502044
   0.39409024   0.47675187   0.5427       0.56002386   0.5846538
   0.58566556   0.5928149    0.60230293   0.62766437   0.638813
   0.64665836   0.65099694   0.67423277   0.68494091   0.69327144
   0.69331575   0.69627915   0.70575505   0.71990877   0.73871199
   0.75201299   0.75279309   0.75498494   0.76096169   0.81252207
   0.83157789   0.83957025   0.84307859   0.87287922   0.91522206
   0.91944262   0.92700459   0.93628709   0.9673362    0.99744924
   1.00049488   1.00111914   1.00532232   1.07040821   1.07441349
   1.12908639   1.1629761    1.1816691    1.18746724]
    CPU time for df vj and vk      3.76 sec, wall time      0.12 sec
E1 = -4095.2830329700355  E_coul = 1773.154352126092
cycle= 6 E= -831.024159187481  delta_E= -2.36e-05  |g|= 0.00104  |ddm|= 0.0192
    CPU time for cycle= 6      4.31 sec, wall time      0.13 sec
  HOMO = -0.147653757320598  LUMO = 0.117463708325085
  mo_energy =
[-11.04050881 -11.04049921 -11.04048894 -11.04040398 -11.04015535
 -11.04015503 -11.04009696 -11.04009482 -11.03057373 -11.03057371
 -11.03055619 -11.03055618 -11.02940184 -11.02940184 -11.02935565
 -11.02935564 -11.02729184 -11.02728605 -11.02721673 -11.02720847
 -11.02716887 -11.02708617  -1.12702566  -1.10938142  -1.08028786
  -1.04050572  -1.00972428  -0.99129381  -0.99100123  -0.96174499
  -0.93658029  -0.92201149  -0.87386782  -0.8427517   -0.78388307
  -0.78167007  -0.76197681  -0.74899467  -0.74309832  -0.72228669
  -0.65440201  -0.6491175   -0.64826931  -0.61521243  -0.59518758
  -0.59132443  -0.57475856  -0.57074852  -0.55303152  -0.53467849
  -0.5331405   -0.52898681  -0.51875606  -0.51125807  -0.50601405
  -0.49448638  -0.48961587  -0.48010284  -0.46895709  -0.44062635
  -0.43772548  -0.43430321  -0.40941289  -0.40494631  -0.39574743
  -0.37992979  -0.36739443  -0.33763977  -0.30990662  -0.28942735
  -0.23855165  -0.22438199  -0.14765376   0.11746371   0.20215133
   0.22201156   0.27836141   0.30375203   0.33739083   0.37488704
   0.39393392   0.47661472   0.54261855   0.55994004   0.58462973
   0.58550297   0.59281088   0.60228587   0.62761376   0.63880475
   0.64658527   0.65095509   0.67398662   0.68481546   0.69319495
   0.69328587   0.69625032   0.70568261   0.71989419   0.7387007
   0.75191784   0.75279425   0.75487831   0.76092557   0.8124597
   0.83144288   0.83944739   0.84296828   0.87281761   0.9151326
   0.91939103   0.9269241    0.93620973   0.96728621   0.99733964
   1.00035395   1.00100599   1.00522363   1.07025403   1.07428318
   1.12899501   1.16291202   1.18146325   1.18733839]
    CPU time for df vj and vk      6.43 sec, wall time      0.21 sec
E1 = -4095.285783597801  E_coul = 1773.157101751704
cycle= 7 E= -831.024160189634  delta_E= -1e-06  |g|= 0.000226  |ddm|= 0.00374
    CPU time for cycle= 7      7.24 sec, wall time      0.23 sec
  HOMO = -0.14762097551941  LUMO = 0.117518776387403
  mo_energy =
[-11.04035665 -11.04034943 -11.04033684 -11.04025645 -11.04012002
 -11.04011962 -11.04005918 -11.04005479 -11.03051736 -11.03051734
 -11.03049783 -11.03049782 -11.02941121 -11.02941121 -11.02936703
 -11.02936702 -11.02722262 -11.0272178  -11.0271469  -11.02714023
 -11.02707533 -11.02699327  -1.12695607  -1.10934634  -1.08024223
  -1.04045477  -1.00966882  -0.99126841  -0.99095757  -0.96171416
  -0.93652392  -0.92197694  -0.87382753  -0.84270509  -0.78383705
  -0.78163482  -0.76193258  -0.74896763  -0.74305976  -0.72225726
  -0.65437092  -0.64908782  -0.64823019  -0.61518514  -0.59514409
  -0.59130315  -0.57472507  -0.57073899  -0.55297461  -0.53464882
  -0.53312518  -0.52897868  -0.51871443  -0.5112292   -0.50595079
  -0.49444466  -0.48955465  -0.48006796  -0.46891713  -0.44060623
  -0.43768304  -0.43427103  -0.40939283  -0.4048962   -0.39569908
  -0.37987994  -0.3673399   -0.3376211   -0.3098692   -0.28939713
  -0.2384791   -0.22433913  -0.14762098   0.11751878   0.20217333
   0.22206631   0.27839813   0.30378737   0.33743007   0.37494883
   0.39397658   0.47665618   0.5426485    0.55999053   0.58464575
   0.58556692   0.59281559   0.60230364   0.62764234   0.63882226
   0.64661258   0.65099058   0.67405923   0.68486262   0.69324709
   0.69330301   0.69626999   0.70570837   0.71990133   0.73871995
   0.7519477    0.75280215   0.75491977   0.76096158   0.81248472
   0.83148985   0.83949297   0.8430057    0.87283662   0.91516495
   0.91943319   0.92696234   0.93623392   0.96731607   0.99739469
   1.0004006    1.00104504   1.00527835   1.07030129   1.07432432
   1.1290275    1.1629372    1.18153985   1.18738987]
    CPU time for df vj and vk      4.34 sec, wall time      0.14 sec
E1 = -4095.285314458706  E_coul = 1773.1566325595204
cycle= 8 E= -831.024160242723  delta_E= -5.31e-08  |g|= 8.07e-05  |ddm|= 0.000706
    CPU time for cycle= 8      5.14 sec, wall time      0.17 sec
  HOMO = -0.147628781486253  LUMO = 0.117516724797301
  mo_energy =
[-11.04037607 -11.04036808 -11.04035624 -11.04027421 -11.04010807
 -11.04010769 -11.04004798 -11.04004448 -11.03051976 -11.03051974
 -11.03050157 -11.03050156 -11.02937087 -11.02937087 -11.02932536
 -11.02932535 -11.02723068 -11.02722514 -11.02715543 -11.02714757
 -11.02710245 -11.02701991  -1.12696154  -1.10933993  -1.08023986
  -1.04045543  -1.0096736   -0.99126119  -0.99095781  -0.96170893
  -0.93652572  -0.92197322  -0.87382778  -0.842706    -0.78383705
  -0.78163304  -0.76193504  -0.7489636   -0.74305969  -0.72225386
  -0.65437077  -0.64908675  -0.64823091  -0.61518466  -0.59514417
  -0.59130161  -0.57472928  -0.57073341  -0.55297655  -0.53464145
  -0.53311859  -0.52897057  -0.5187197   -0.51122874  -0.50595548
  -0.4944472   -0.4895573   -0.48006156  -0.4689196   -0.44059881
  -0.43768146  -0.43427035  -0.40938725  -0.40489747  -0.39570295
  -0.37987936  -0.36734572  -0.33761798  -0.30986744  -0.28939382
  -0.23847851  -0.22433181  -0.14762878   0.11751672   0.20217297
   0.22206401   0.27840313   0.30379096   0.3374393    0.37494375
   0.39397517   0.47665836   0.54265401   0.55998735   0.5846474
   0.58556171   0.59281839   0.60230932   0.62764337   0.63882597
   0.64661357   0.65098447   0.67405051   0.68486175   0.69324199
   0.69330797   0.69627549   0.70570724   0.71990376   0.73871779
   0.7519506    0.75280438   0.75491253   0.76096511   0.81248554
   0.83148693   0.83948884   0.8430089    0.87284114   0.91516841
   0.91943056   0.92696242   0.93624042   0.96732166   0.99739075
   1.00039985   1.00104471   1.00527415   1.07030014   1.07432703
   1.12903264   1.16294482   1.18153047   1.18738876]
    CPU time for df vj and vk      3.76 sec, wall time      0.12 sec
E1 = -4095.285282423975  E_coul = 1773.1566005189547
cycle= 9 E= -831.024160248557  delta_E= -5.83e-09  |g|= 3.2e-05  |ddm|= 0.000227
    CPU time for cycle= 9      4.65 sec, wall time      0.15 sec
  HOMO = -0.147633458526894  LUMO = 0.11751328625087
  mo_energy =
[-11.04037944 -11.04037174 -11.04035961 -11.04027818 -11.04012366
 -11.04012327 -11.04006327 -11.04005946 -11.03051925 -11.03051922
 -11.03050066 -11.03050065 -11.02938367 -11.02938367 -11.02933856
 -11.02933855 -11.02723325 -11.02722794 -11.02715786 -11.02715037
 -11.0270996  -11.02701722  -1.1269656   -1.10934691  -1.08024432
  -1.04045872  -1.0096761   -0.99126684  -0.99096166  -0.96171301
  -0.93653016  -0.92197667  -0.87383061  -0.84270973  -0.78384076
  -0.78163668  -0.76193771  -0.74896841  -0.7430626   -0.72225739
  -0.65437314  -0.6490898   -0.64823386  -0.61518673  -0.59514705
  -0.59130383  -0.57472932  -0.57073629  -0.55298105  -0.53464722
  -0.53312194  -0.52897433  -0.51871999  -0.51123168  -0.50595904
  -0.49444884  -0.48956156  -0.48006737  -0.46892109  -0.44060362
  -0.43768526  -0.43427306  -0.40939237  -0.40490112  -0.39570576
  -0.37988176  -0.36734909  -0.33762484  -0.30987186  -0.28939829
  -0.23848147  -0.22433481  -0.14763346   0.11751329   0.20216665
   0.22206081   0.27839889   0.30378736   0.33743428   0.37494038
   0.39397248   0.47665502   0.54264783   0.55998448   0.58464553
   0.58555811   0.59281717   0.60230462   0.62764079   0.6388228
   0.64661086   0.65098441   0.67404793   0.68485774   0.69323867
   0.69330407   0.69627012   0.70570552   0.71990199   0.73871799
   0.75194718   0.7528032    0.75491143   0.76096041   0.81248354
   0.83148318   0.83948519   0.84300546   0.87283778   0.91516531
   0.91942736   0.92695831   0.93623465   0.96731707   0.99738751
   1.0003965    1.00104201   1.00527136   1.07029675   1.07432287
   1.12902666   1.16293827   1.18152718   1.18738374]
    CPU time for df vj and vk      3.62 sec, wall time      0.12 sec
E1 = -4095.2853712615215  E_coul = 1773.1566893557924
cycle= 10 E= -831.024160249266  delta_E= -7.09e-10  |g|= 7.53e-06  |ddm|= 8.58e-05
    CPU time for cycle= 10      4.75 sec, wall time      0.15 sec
  HOMO = -0.147632154017725  LUMO = 0.117514616870408
  mo_energy =
[-11.04037633 -11.04036855 -11.0403565  -11.0402749  -11.04011712
 -11.04011674 -11.04005682 -11.0400531  -11.03052318 -11.03052316
 -11.0305047  -11.03050469 -11.02938425 -11.02938425 -11.02933904
 -11.02933903 -11.02723115 -11.02722583 -11.02715577 -11.02714826
 -11.02709783 -11.02701544  -1.1269632   -1.10934492  -1.08024349
  -1.04045825  -1.00967417  -0.99126521  -0.99096078  -0.96171225
  -0.93652866  -0.92197608  -0.8738295   -0.84270863  -0.78383952
  -0.78163616  -0.76193603  -0.74896664  -0.74306169  -0.72225678
  -0.65437258  -0.64908922  -0.64823333  -0.61518611  -0.59514696
  -0.59130319  -0.57472812  -0.57073535  -0.55297963  -0.53464647
  -0.53312179  -0.52897373  -0.51871863  -0.51123112  -0.50595686
  -0.49444858  -0.48955969  -0.48006566  -0.46892088  -0.44060295
  -0.43768466  -0.4342724   -0.40939073  -0.40489933  -0.39570375
  -0.37988144  -0.36734709  -0.33762338  -0.30987088  -0.28939769
  -0.23847937  -0.22433396  -0.14763215   0.11751462   0.20216702
   0.22206304   0.27839934   0.30378835   0.33743573   0.3749423
   0.3939727    0.4766557    0.54264964   0.55998605   0.58464518
   0.5855604    0.59281612   0.60230581   0.6276419    0.63882422
   0.64661184   0.65098569   0.6740501    0.68485937   0.69324045
   0.69330439   0.69627117   0.70570583   0.71990146   0.73871846
   0.75194836   0.7528037    0.75491231   0.76096165   0.81248392
   0.83148473   0.83948691   0.84300572   0.87283832   0.91516566
   0.91942857   0.9269597    0.93623623   0.9673186    0.99738957
   1.00039698   1.00104236   1.00527343   1.07029766   1.07432359
   1.1290281    1.16293965   1.18152974   1.18738589]
    CPU time for df vj and vk      4.83 sec, wall time      0.15 sec
E1 = -4095.285328546098  E_coul = 1773.1566466403467
Extra cycle  E= -831.024160249288  delta_E= -2.23e-11  |g|= 4.09e-06  |ddm|= 1.54e-05
    CPU time for scf_cycle     87.30 sec, wall time      3.52 sec
    CPU time for SCF     87.32 sec, wall time      3.52 sec
converged SCF energy = -831.024160249288
Default DFT(RI-HF).  E = -831.024160249288
Total job time:       3.62(wall)
