Print level:                1
The number of threads used for parallelism:      6
The spheric-GTO basis set is taken from ../../basis-set-pool/aug-cc-pV5Z
The pruning method will be nwchem
The radial grid generation method will be treutler
ERI Type: ri_v
Turn on the basis pair symmetry for RI 3D-tensors
The spheric-GTO auxiliary basis set is taken from ../../basis-set-pool/def2-SV(P)-JKFIT
The exchange-correlation method: hf
Spin polarization: On
Read grids from the external file: none
Charge:   1; Spin:   2
min_num_angular_points: 110
max_num_angular_points: 590
hardness: 3
Grid generation level: 3
Even tempered basis generation: false
SCF convergency thresholds: 1e-5 for density matrix
                            1e-5 Ha. for sum of eigenvalues
                            1e-8 Ha. for total energy
Max. SCF cycle number:      100
The diis mixing with (param, max_vec_len) = (0.6, 8) is employed for the SCF procedure
Turn on the diis mixing after 1 step(s) of SCF iteractions with the linear mixing
WARNING: The specified external initial guess file (guessfile) is missing 
(none). 
 The external initial guess will not be imported.

The specified checkfile exists but is not loaded because the keyword 'external_init_guess' is specified
It will be updated after the SCF procedure 
(none)
Initial guess is prepared by (sad).
It is a cluster calculation for finite molecules
the functional of 'hf' contains
Libxc version used in REST: 5.2.3
nbas: 84, natm: 8 for standard basis sets
First valence state for the frozen-core algorithm:     0
final nbas: 170,final natm: 16
numbasis: 734, num_auxbas: 262
Unrestricted Hartree-Fock (or Kohn-Sham) algorithm is invoked.
Nuc_energy: 50.87660396347251
Overlap matrix is nonsigular:
  Lowest eigenvalue:       0.00000094 with the total number of basis functions:    734
Generate SAD of N
Generate SAD of H
Initial guess HF energy:    -116.51852269
The total energy:      -111.2199823869 Ha by the initial guess
Energy:    -111.8154698849 Ha after    1 iterations (in      11.31 seconds).
SCF Change: DM (2.99782e-4,3.80034e-4); eev  2.66910e0 Ha; etot -9.76230e-2 Ha
Energy:    -111.9130929245 Ha after    2 iterations (in      11.54 seconds).
SCF Change: DM (1.31764e-4,1.57809e-4); eev 1.69208e-1 Ha; etot -2.61042e-2 Ha
Energy:    -111.9391971083 Ha after    3 iterations (in      10.92 seconds).
SCF Change: DM (4.19633e-5,6.37426e-5); eev 9.96727e-2 Ha; etot -3.39069e-3 Ha
Energy:    -111.9425877991 Ha after    4 iterations (in      11.39 seconds).
SCF Change: DM (2.98306e-5,4.07732e-5); eev 3.10736e-2 Ha; etot -5.40990e-4 Ha
Energy:    -111.9431287892 Ha after    5 iterations (in      11.51 seconds).
SCF Change: DM (1.42089e-5,2.50802e-5); eev 8.98283e-3 Ha; etot -2.07885e-4 Ha
Energy:    -111.9433366742 Ha after    6 iterations (in       9.98 seconds).
SCF Change: DM (9.64915e-6,2.40865e-5); eev 6.39037e-3 Ha; etot -7.22977e-5 Ha
Energy:    -111.9434089719 Ha after    7 iterations (in      10.78 seconds).
SCF Change: DM (3.54908e-6,1.73197e-5); eev 2.76465e-3 Ha; etot -4.19989e-5 Ha
Energy:    -111.9434509708 Ha after    8 iterations (in      10.10 seconds).
SCF Change: DM (3.25616e-6,1.78673e-5); eev 4.83202e-3 Ha; etot -1.89426e-5 Ha
Energy:    -111.9434699134 Ha after    9 iterations (in       9.96 seconds).
SCF Change: DM (2.43031e-6,9.79485e-6); eev 1.33192e-3 Ha; etot -1.11326e-5 Ha
Energy:    -111.9434810461 Ha after   10 iterations (in       9.94 seconds).
SCF Change: DM (8.41841e-7,2.39467e-6); eev 8.05932e-4 Ha; etot -2.30349e-6 Ha
Energy:    -111.9434833496 Ha after   11 iterations (in      11.03 seconds).
SCF Change: DM (1.81283e-7,2.19768e-7); eev 2.76098e-4 Ha; etot -1.30334e-7 Ha
Energy:    -111.9434834799 Ha after   12 iterations (in      10.95 seconds).
SCF Change: DM (4.48679e-8,5.84311e-8); eev 9.64260e-5 Ha; etot -3.77648e-9 Ha
Energy:    -111.9434834837 Ha after   13 iterations (in      10.43 seconds).
SCF Change: DM (2.11914e-8,1.56839e-8); eev 4.69341e-5 Ha; etot -3.84176e-10 Ha
Energy:    -111.9434834841 Ha after   14 iterations (in       9.45 seconds).
SCF Change: DM (1.09383e-8,1.57614e-8); eev 1.65959e-5 Ha; etot -6.66773e-11 Ha
Energy:    -111.9434834841 Ha after   15 iterations (in       9.90 seconds).
SCF Change: DM (5.07820e-9,4.38344e-9); eev 3.04134e-6 Ha; etot -1.52056e-11 Ha
Energy:    -111.9434834841 Ha after   16 iterations (in      10.26 seconds).
SCF is converged after   16 iterations.
the job spends           191.54 seconds

====================================================
              REST: Mission accomplished
====================================================
The SCF (HF) energy:    -111.94348348 Ha
Detailed time report:
Overall   |:  191.549 s for the whole job
SCF       |:  191.549 s for the scf procedure
