Print level:                1
The number of threads used for parallelism:      4
The spheric-GTO basis set is taken from ../../../basis-set-pool/cc-pVDZ
The pruning method will be nwchem
The radial grid generation method will be treutler
ERI Type: ri_v
Turn on the basis pair symmetry for RI 3D-tensors
The spheric-GTO auxiliary basis set is taken from ../../../basis-set-pool/def2-SV(P)-JKFIT
The exchange-correlation method: pbe0
Spin polarization: Off
Read grids from the external file: none
Charge:   0; Spin:   1
min_num_angular_points: 110
max_num_angular_points: 590
hardness: 3
Grid generation level: 3
Even tempered basis generation: false
SCF convergency thresholds: 1e-6 for density matrix
                            1e-6 Ha. for sum of eigenvalues
                            1e-8 Ha. for total energy
Max. SCF cycle number:      600
The diis mixing with (param, max_vec_len) = (0.01, 8) is employed for the SCF procedure
Turn on the diis mixing after 1 step(s) of SCF iteractions with the linear mixing
WARNING: The specified external initial guess file (guessfile) is missing 
(none). 
 The external initial guess will not be imported.

The specified checkfile exists but is not loaded because the keyword 'external_init_guess' is specified
It will be updated after the SCF procedure 
(none)
Initial guess is prepared by (sad).
It is a cluster calculation for finite molecules
the functional of 'pbe0' contains
The density functional 'PBEH (PBE0)' belongs to the 'Hybrid GGA' family and is defined in the reference(s):
(0): C. Adamo and V. Barone, J. Chem. Phys. 110, 6158 (1999)
(1): M. Ernzerhof and G. E. Scuseria, J. Chem. Phys. 110, 5029 (1999)
Libxc version used in REST: 5.2.3
nbas: 8, natm: 2 for standard basis sets
First valence state for the frozen-core algorithm:     0
final nbas: 124,final natm: 4
numbasis: 86, num_auxbas: 528
Restricted Hartree-Fock (or Kohn-Sham) algorithm is invoked.
Nuc_energy: 176.7073313284268
Overlap matrix is nonsigular:
  Lowest eigenvalue:       0.00116222 with the total number of basis functions:     86
Grid size: 40848
Generate SAD of Cu
Initial guess HF energy:   -3277.93867132
The total energy:     -3280.5734931852 Ha by the initial guess
Energy:   -3280.5870774852 Ha after    1 iterations (in       0.32 seconds).
SCF Change: DM 1.02921e-2; eev  1.15462e0 Ha; etot 1.61812e-1 Ha
Energy:   -3280.4252654521 Ha after    2 iterations (in       0.34 seconds).
SCF Change: DM 4.84876e-4; eev 3.74706e-2 Ha; etot -1.96385e-1 Ha
Energy:   -3280.6216502302 Ha after    3 iterations (in       0.33 seconds).
SCF Change: DM 1.87187e-4; eev 7.46215e-3 Ha; etot -1.85408e-4 Ha
Energy:   -3280.6218356384 Ha after    4 iterations (in       0.33 seconds).
SCF Change: DM 9.42214e-5; eev 4.41934e-3 Ha; etot -2.52227e-5 Ha
Energy:   -3280.6218608611 Ha after    5 iterations (in       0.33 seconds).
SCF Change: DM 2.45204e-5; eev 7.41925e-4 Ha; etot -2.81984e-6 Ha
Energy:   -3280.6218636809 Ha after    6 iterations (in       0.34 seconds).
SCF Change: DM 1.84668e-6; eev 4.24326e-5 Ha; etot -1.83059e-7 Ha
Energy:   -3280.6218638640 Ha after    7 iterations (in       0.33 seconds).
SCF Change: DM 4.98984e-7; eev 1.64275e-5 Ha; etot -9.52696e-10 Ha
Energy:   -3280.6218638649 Ha after    8 iterations (in       0.34 seconds).
SCF Change: DM 8.45354e-8; eev 2.27399e-6 Ha; etot -7.73070e-11 Ha
Energy:   -3280.6218638650 Ha after    9 iterations (in       0.33 seconds).
SCF Change: DM 4.54230e-9; eev 3.35085e-7 Ha; etot -4.54747e-12 Ha
Energy:   -3280.6218638650 Ha after   10 iterations (in       0.34 seconds).
SCF is converged after   10 iterations.
the job spends            21.59 seconds
Print the electron-pair energy of (  0,  0): PT2=(      0.00000146,      0.00000000), sBGE2=(      0.00000146,      0.00000000)
Print the electron-pair energy of (  0,  1): PT2=(      0.00000284,      0.00000000), sBGE2=(      0.00000284,      0.00000000)
Print the electron-pair energy of (  0,  2): PT2=(      0.00000078,      0.00000000), sBGE2=(      0.00000078,      0.00000000)
Print the electron-pair energy of (  0,  3): PT2=(      0.00000077,      0.00000000), sBGE2=(      0.00000077,      0.00000000)
Print the electron-pair energy of (  0,  4): PT2=(      0.00000266,      0.00000245), sBGE2=(      0.00000266,      0.00000245)
Print the electron-pair energy of (  0,  5): PT2=(      0.00000266,      0.00000245), sBGE2=(      0.00000266,      0.00000245)
Print the electron-pair energy of (  0,  6): PT2=(      0.00000259,      0.00000237), sBGE2=(      0.00000259,      0.00000237)
Print the electron-pair energy of (  0,  7): PT2=(      0.00000259,      0.00000237), sBGE2=(      0.00000259,      0.00000237)
Print the electron-pair energy of (  0,  8): PT2=(      0.00000259,      0.00000237), sBGE2=(      0.00000259,      0.00000237)
Print the electron-pair energy of (  0,  9): PT2=(      0.00000259,      0.00000237), sBGE2=(      0.00000259,      0.00000237)
Print the electron-pair energy of (  0, 10): PT2=(      0.00000031,      0.00000000), sBGE2=(      0.00000031,      0.00000000)
Print the electron-pair energy of (  0, 11): PT2=(      0.00000031,      0.00000000), sBGE2=(      0.00000031,      0.00000000)
Print the electron-pair energy of (  0, 12): PT2=(      0.00000012,      0.00000021), sBGE2=(      0.00000012,      0.00000021)
Print the electron-pair energy of (  0, 13): PT2=(      0.00000012,      0.00000021), sBGE2=(      0.00000012,      0.00000021)
Print the electron-pair energy of (  0, 14): PT2=(      0.00000012,      0.00000020), sBGE2=(      0.00000012,      0.00000020)
Print the electron-pair energy of (  0, 15): PT2=(      0.00000012,      0.00000020), sBGE2=(      0.00000012,      0.00000020)
Print the electron-pair energy of (  0, 16): PT2=(      0.00000012,      0.00000021), sBGE2=(      0.00000012,      0.00000021)
Print the electron-pair energy of (  0, 17): PT2=(      0.00000012,      0.00000021), sBGE2=(      0.00000012,      0.00000021)
Print the electron-pair energy of (  0, 18): PT2=(      0.00000011,      0.00000010), sBGE2=(      0.00000011,      0.00000010)
Print the electron-pair energy of (  0, 19): PT2=(      0.00000012,      0.00000011), sBGE2=(      0.00000012,      0.00000011)
Print the electron-pair energy of (  0, 20): PT2=(      0.00000012,      0.00000011), sBGE2=(      0.00000012,      0.00000011)
Print the electron-pair energy of (  0, 21): PT2=(      0.00000012,      0.00000011), sBGE2=(      0.00000012,      0.00000011)
Print the electron-pair energy of (  0, 22): PT2=(      0.00000012,      0.00000011), sBGE2=(      0.00000012,      0.00000011)
Print the electron-pair energy of (  0, 23): PT2=(      0.00000012,      0.00000011), sBGE2=(      0.00000012,      0.00000011)
Print the electron-pair energy of (  0, 24): PT2=(      0.00000012,      0.00000011), sBGE2=(      0.00000012,      0.00000011)
Print the electron-pair energy of (  0, 25): PT2=(      0.00000012,      0.00000011), sBGE2=(      0.00000012,      0.00000011)
Print the electron-pair energy of (  0, 26): PT2=(      0.00000012,      0.00000011), sBGE2=(      0.00000012,      0.00000011)
Print the electron-pair energy of (  0, 27): PT2=(      0.00000012,      0.00000011), sBGE2=(      0.00000012,      0.00000011)
Print the electron-pair energy of (  0, 28): PT2=(      0.00000003,      0.00000001), sBGE2=(      0.00000003,      0.00000001)
Print the electron-pair energy of (  1,  1): PT2=(      0.00000146,      0.00000000), sBGE2=(      0.00000146,      0.00000000)
Print the electron-pair energy of (  1,  2): PT2=(      0.00000077,      0.00000000), sBGE2=(      0.00000077,      0.00000000)
Print the electron-pair energy of (  1,  3): PT2=(      0.00000078,      0.00000000), sBGE2=(      0.00000078,      0.00000000)
Print the electron-pair energy of (  1,  4): PT2=(      0.00000266,      0.00000244), sBGE2=(      0.00000266,      0.00000244)
Print the electron-pair energy of (  1,  5): PT2=(      0.00000266,      0.00000245), sBGE2=(      0.00000266,      0.00000245)
Print the electron-pair energy of (  1,  6): PT2=(      0.00000259,      0.00000237), sBGE2=(      0.00000259,      0.00000237)
Print the electron-pair energy of (  1,  7): PT2=(      0.00000259,      0.00000237), sBGE2=(      0.00000259,      0.00000237)
Print the electron-pair energy of (  1,  8): PT2=(      0.00000259,      0.00000237), sBGE2=(      0.00000259,      0.00000237)
Print the electron-pair energy of (  1,  9): PT2=(      0.00000259,      0.00000237), sBGE2=(      0.00000259,      0.00000237)
Print the electron-pair energy of (  1, 10): PT2=(      0.00000031,      0.00000000), sBGE2=(      0.00000031,      0.00000000)
Print the electron-pair energy of (  1, 11): PT2=(      0.00000031,      0.00000000), sBGE2=(      0.00000031,      0.00000000)
Print the electron-pair energy of (  1, 12): PT2=(      0.00000012,      0.00000021), sBGE2=(      0.00000012,      0.00000021)
Print the electron-pair energy of (  1, 13): PT2=(      0.00000012,      0.00000021), sBGE2=(      0.00000012,      0.00000021)
Print the electron-pair energy of (  1, 14): PT2=(      0.00000012,      0.00000021), sBGE2=(      0.00000012,      0.00000021)
Print the electron-pair energy of (  1, 15): PT2=(      0.00000012,      0.00000021), sBGE2=(      0.00000012,      0.00000021)
Print the electron-pair energy of (  1, 16): PT2=(      0.00000012,      0.00000020), sBGE2=(      0.00000012,      0.00000020)
Print the electron-pair energy of (  1, 17): PT2=(      0.00000012,      0.00000020), sBGE2=(      0.00000012,      0.00000020)
Print the electron-pair energy of (  1, 18): PT2=(      0.00000011,      0.00000010), sBGE2=(      0.00000011,      0.00000010)
Print the electron-pair energy of (  1, 19): PT2=(      0.00000012,      0.00000011), sBGE2=(      0.00000012,      0.00000011)
Print the electron-pair energy of (  1, 20): PT2=(      0.00000012,      0.00000011), sBGE2=(      0.00000012,      0.00000011)
Print the electron-pair energy of (  1, 21): PT2=(      0.00000012,      0.00000011), sBGE2=(      0.00000012,      0.00000011)
Print the electron-pair energy of (  1, 22): PT2=(      0.00000012,      0.00000011), sBGE2=(      0.00000012,      0.00000011)
Print the electron-pair energy of (  1, 23): PT2=(      0.00000012,      0.00000011), sBGE2=(      0.00000012,      0.00000011)
Print the electron-pair energy of (  1, 24): PT2=(      0.00000012,      0.00000011), sBGE2=(      0.00000012,      0.00000011)
Print the electron-pair energy of (  1, 25): PT2=(      0.00000012,      0.00000011), sBGE2=(      0.00000012,      0.00000011)
Print the electron-pair energy of (  1, 26): PT2=(      0.00000012,      0.00000011), sBGE2=(      0.00000012,      0.00000011)
Print the electron-pair energy of (  1, 27): PT2=(      0.00000012,      0.00000011), sBGE2=(      0.00000012,      0.00000011)
Print the electron-pair energy of (  1, 28): PT2=(      0.00000003,      0.00000001), sBGE2=(      0.00000003,      0.00000001)
Print the electron-pair energy of (  2,  2): PT2=(      0.00013898,      0.00000000), sBGE2=(      0.00013898,      0.00000000)
Print the electron-pair energy of (  2,  3): PT2=(      0.00027703,      0.00000000), sBGE2=(      0.00027703,      0.00000000)
Print the electron-pair energy of (  2,  4): PT2=(      0.00003760,      0.00001403), sBGE2=(      0.00003760,      0.00001403)
Print the electron-pair energy of (  2,  5): PT2=(      0.00003708,      0.00001396), sBGE2=(      0.00003708,      0.00001396)
Print the electron-pair energy of (  2,  6): PT2=(      0.00003510,      0.00001310), sBGE2=(      0.00003510,      0.00001310)
Print the electron-pair energy of (  2,  7): PT2=(      0.00003510,      0.00001310), sBGE2=(      0.00003510,      0.00001310)
Print the electron-pair energy of (  2,  8): PT2=(      0.00003502,      0.00001307), sBGE2=(      0.00003502,      0.00001307)
Print the electron-pair energy of (  2,  9): PT2=(      0.00003502,      0.00001307), sBGE2=(      0.00003502,      0.00001307)
Print the electron-pair energy of (  2, 10): PT2=(      0.00006543,      0.00000255), sBGE2=(      0.00006543,      0.00000255)
Print the electron-pair energy of (  2, 11): PT2=(      0.00006567,      0.00000254), sBGE2=(      0.00006567,      0.00000254)
Print the electron-pair energy of (  2, 12): PT2=(      0.00009238,      0.00003787), sBGE2=(      0.00009238,      0.00003787)
Print the electron-pair energy of (  2, 13): PT2=(      0.00009273,      0.00003798), sBGE2=(      0.00009273,      0.00003798)
Print the electron-pair energy of (  2, 14): PT2=(      0.00009050,      0.00003757), sBGE2=(      0.00009050,      0.00003757)
Print the electron-pair energy of (  2, 15): PT2=(      0.00009050,      0.00003757), sBGE2=(      0.00009050,      0.00003757)
Print the electron-pair energy of (  2, 16): PT2=(      0.00009051,      0.00003764), sBGE2=(      0.00009051,      0.00003764)
Print the electron-pair energy of (  2, 17): PT2=(      0.00009051,      0.00003764), sBGE2=(      0.00009051,      0.00003764)
Print the electron-pair energy of (  2, 18): PT2=(      0.00007173,      0.00002986), sBGE2=(      0.00007173,      0.00002986)
Print the electron-pair energy of (  2, 19): PT2=(      0.00007577,      0.00003155), sBGE2=(      0.00007577,      0.00003155)
Print the electron-pair energy of (  2, 20): PT2=(      0.00007577,      0.00003155), sBGE2=(      0.00007577,      0.00003155)
Print the electron-pair energy of (  2, 21): PT2=(      0.00007839,      0.00003263), sBGE2=(      0.00007839,      0.00003263)
Print the electron-pair energy of (  2, 22): PT2=(      0.00007838,      0.00003263), sBGE2=(      0.00007838,      0.00003263)
Print the electron-pair energy of (  2, 23): PT2=(      0.00007984,      0.00003317), sBGE2=(      0.00007984,      0.00003317)
Print the electron-pair energy of (  2, 24): PT2=(      0.00007984,      0.00003317), sBGE2=(      0.00007984,      0.00003317)
Print the electron-pair energy of (  2, 25): PT2=(      0.00008070,      0.00003335), sBGE2=(      0.00008070,      0.00003335)
Print the electron-pair energy of (  2, 26): PT2=(      0.00008070,      0.00003335), sBGE2=(      0.00008070,      0.00003335)
Print the electron-pair energy of (  2, 27): PT2=(      0.00008020,      0.00003300), sBGE2=(      0.00008020,      0.00003300)
Print the electron-pair energy of (  2, 28): PT2=(      0.00001074,      0.00000234), sBGE2=(      0.00001074,      0.00000234)
Print the electron-pair energy of (  3,  3): PT2=(      0.00013895,      0.00000000), sBGE2=(      0.00013895,      0.00000000)
Print the electron-pair energy of (  3,  4): PT2=(      0.00003708,      0.00001396), sBGE2=(      0.00003708,      0.00001396)
Print the electron-pair energy of (  3,  5): PT2=(      0.00003759,      0.00001403), sBGE2=(      0.00003759,      0.00001403)
Print the electron-pair energy of (  3,  6): PT2=(      0.00003502,      0.00001307), sBGE2=(      0.00003502,      0.00001307)
Print the electron-pair energy of (  3,  7): PT2=(      0.00003502,      0.00001307), sBGE2=(      0.00003502,      0.00001307)
Print the electron-pair energy of (  3,  8): PT2=(      0.00003510,      0.00001311), sBGE2=(      0.00003510,      0.00001311)
Print the electron-pair energy of (  3,  9): PT2=(      0.00003510,      0.00001311), sBGE2=(      0.00003510,      0.00001311)
Print the electron-pair energy of (  3, 10): PT2=(      0.00006565,      0.00000254), sBGE2=(      0.00006565,      0.00000254)
Print the electron-pair energy of (  3, 11): PT2=(      0.00006543,      0.00000255), sBGE2=(      0.00006543,      0.00000255)
Print the electron-pair energy of (  3, 12): PT2=(      0.00009242,      0.00003795), sBGE2=(      0.00009242,      0.00003795)
Print the electron-pair energy of (  3, 13): PT2=(      0.00009260,      0.00003792), sBGE2=(      0.00009260,      0.00003792)
Print the electron-pair energy of (  3, 14): PT2=(      0.00009048,      0.00003765), sBGE2=(      0.00009048,      0.00003765)
Print the electron-pair energy of (  3, 15): PT2=(      0.00009048,      0.00003765), sBGE2=(      0.00009048,      0.00003765)
Print the electron-pair energy of (  3, 16): PT2=(      0.00009049,      0.00003757), sBGE2=(      0.00009049,      0.00003757)
Print the electron-pair energy of (  3, 17): PT2=(      0.00009049,      0.00003757), sBGE2=(      0.00009049,      0.00003757)
Print the electron-pair energy of (  3, 18): PT2=(      0.00007165,      0.00002974), sBGE2=(      0.00007165,      0.00002974)
Print the electron-pair energy of (  3, 19): PT2=(      0.00007571,      0.00003147), sBGE2=(      0.00007571,      0.00003147)
Print the electron-pair energy of (  3, 20): PT2=(      0.00007571,      0.00003147), sBGE2=(      0.00007571,      0.00003147)
Print the electron-pair energy of (  3, 21): PT2=(      0.00007840,      0.00003263), sBGE2=(      0.00007840,      0.00003263)
Print the electron-pair energy of (  3, 22): PT2=(      0.00007840,      0.00003263), sBGE2=(      0.00007840,      0.00003263)
Print the electron-pair energy of (  3, 23): PT2=(      0.00007980,      0.00003320), sBGE2=(      0.00007980,      0.00003320)
Print the electron-pair energy of (  3, 24): PT2=(      0.00007980,      0.00003320), sBGE2=(      0.00007980,      0.00003320)
Print the electron-pair energy of (  3, 25): PT2=(      0.00008067,      0.00003344), sBGE2=(      0.00008067,      0.00003344)
Print the electron-pair energy of (  3, 26): PT2=(      0.00008067,      0.00003344), sBGE2=(      0.00008067,      0.00003344)
Print the electron-pair energy of (  3, 27): PT2=(      0.00008016,      0.00003310), sBGE2=(      0.00008016,      0.00003310)
Print the electron-pair energy of (  3, 28): PT2=(      0.00001075,      0.00000233), sBGE2=(      0.00001075,      0.00000233)
Print the electron-pair energy of (  4,  4): PT2=(      0.00024357,      0.00000000), sBGE2=(      0.00024357,      0.00000000)
Print the electron-pair energy of (  4,  5): PT2=(      0.00048605,      0.00000000), sBGE2=(      0.00048605,      0.00000000)
Print the electron-pair energy of (  4,  6): PT2=(      0.00022892,      0.00021504), sBGE2=(      0.00022892,      0.00021504)
Print the electron-pair energy of (  4,  7): PT2=(      0.00022892,      0.00021504), sBGE2=(      0.00022892,      0.00021504)
Print the electron-pair energy of (  4,  8): PT2=(      0.00022882,      0.00021493), sBGE2=(      0.00022882,      0.00021493)
Print the electron-pair energy of (  4,  9): PT2=(      0.00022882,      0.00021493), sBGE2=(      0.00022882,      0.00021493)
Print the electron-pair energy of (  4, 10): PT2=(      0.00011591,      0.00006099), sBGE2=(      0.00011591,      0.00006099)
Print the electron-pair energy of (  4, 11): PT2=(      0.00011603,      0.00006099), sBGE2=(      0.00011603,      0.00006099)
Print the electron-pair energy of (  4, 12): PT2=(      0.00018386,      0.00002072), sBGE2=(      0.00018386,      0.00002072)
Print the electron-pair energy of (  4, 13): PT2=(      0.00018492,      0.00002073), sBGE2=(      0.00018492,      0.00002073)
Print the electron-pair energy of (  4, 14): PT2=(      0.00010610,      0.00009546), sBGE2=(      0.00010610,      0.00009546)
Print the electron-pair energy of (  4, 15): PT2=(      0.00010610,      0.00009546), sBGE2=(      0.00010610,      0.00009546)
Print the electron-pair energy of (  4, 16): PT2=(      0.00010606,      0.00009542), sBGE2=(      0.00010606,      0.00009542)
Print the electron-pair energy of (  4, 17): PT2=(      0.00010606,      0.00009542), sBGE2=(      0.00010606,      0.00009542)
Print the electron-pair energy of (  4, 18): PT2=(      0.00016647,      0.00014450), sBGE2=(      0.00016647,      0.00014450)
Print the electron-pair energy of (  4, 19): PT2=(      0.00016537,      0.00014626), sBGE2=(      0.00016537,      0.00014626)
Print the electron-pair energy of (  4, 20): PT2=(      0.00016537,      0.00014626), sBGE2=(      0.00016537,      0.00014626)
Print the electron-pair energy of (  4, 21): PT2=(      0.00012325,      0.00012244), sBGE2=(      0.00012325,      0.00012244)
Print the electron-pair energy of (  4, 22): PT2=(      0.00012325,      0.00012244), sBGE2=(      0.00012325,      0.00012244)
Print the electron-pair energy of (  4, 23): PT2=(      0.00012530,      0.00012446), sBGE2=(      0.00012530,      0.00012446)
Print the electron-pair energy of (  4, 24): PT2=(      0.00012530,      0.00012446), sBGE2=(      0.00012530,      0.00012446)
Print the electron-pair energy of (  4, 25): PT2=(      0.00017486,      0.00015472), sBGE2=(      0.00017486,      0.00015472)
Print the electron-pair energy of (  4, 26): PT2=(      0.00017486,      0.00015472), sBGE2=(      0.00017486,      0.00015472)
Print the electron-pair energy of (  4, 27): PT2=(      0.00019322,      0.00016613), sBGE2=(      0.00019322,      0.00016613)
Print the electron-pair energy of (  4, 28): PT2=(      0.00003442,      0.00002615), sBGE2=(      0.00003442,      0.00002615)
Print the electron-pair energy of (  5,  5): PT2=(      0.00024356,      0.00000000), sBGE2=(      0.00024356,      0.00000000)
Print the electron-pair energy of (  5,  6): PT2=(      0.00022881,      0.00021492), sBGE2=(      0.00022881,      0.00021492)
Print the electron-pair energy of (  5,  7): PT2=(      0.00022881,      0.00021492), sBGE2=(      0.00022881,      0.00021492)
Print the electron-pair energy of (  5,  8): PT2=(      0.00022892,      0.00021504), sBGE2=(      0.00022892,      0.00021504)
Print the electron-pair energy of (  5,  9): PT2=(      0.00022892,      0.00021504), sBGE2=(      0.00022892,      0.00021504)
Print the electron-pair energy of (  5, 10): PT2=(      0.00011601,      0.00006099), sBGE2=(      0.00011601,      0.00006099)
Print the electron-pair energy of (  5, 11): PT2=(      0.00011587,      0.00006097), sBGE2=(      0.00011587,      0.00006097)
Print the electron-pair energy of (  5, 12): PT2=(      0.00018420,      0.00002072), sBGE2=(      0.00018420,      0.00002072)
Print the electron-pair energy of (  5, 13): PT2=(      0.00018448,      0.00002075), sBGE2=(      0.00018448,      0.00002075)
Print the electron-pair energy of (  5, 14): PT2=(      0.00010609,      0.00009546), sBGE2=(      0.00010609,      0.00009546)
Print the electron-pair energy of (  5, 15): PT2=(      0.00010609,      0.00009546), sBGE2=(      0.00010609,      0.00009546)
Print the electron-pair energy of (  5, 16): PT2=(      0.00010605,      0.00009538), sBGE2=(      0.00010605,      0.00009538)
Print the electron-pair energy of (  5, 17): PT2=(      0.00010605,      0.00009538), sBGE2=(      0.00010605,      0.00009538)
Print the electron-pair energy of (  5, 18): PT2=(      0.00016651,      0.00014444), sBGE2=(      0.00016651,      0.00014444)
Print the electron-pair energy of (  5, 19): PT2=(      0.00016541,      0.00014631), sBGE2=(      0.00016541,      0.00014631)
Print the electron-pair energy of (  5, 20): PT2=(      0.00016541,      0.00014631), sBGE2=(      0.00016541,      0.00014631)
Print the electron-pair energy of (  5, 21): PT2=(      0.00012329,      0.00012249), sBGE2=(      0.00012329,      0.00012249)
Print the electron-pair energy of (  5, 22): PT2=(      0.00012329,      0.00012249), sBGE2=(      0.00012329,      0.00012249)
Print the electron-pair energy of (  5, 23): PT2=(      0.00012535,      0.00012452), sBGE2=(      0.00012535,      0.00012452)
Print the electron-pair energy of (  5, 24): PT2=(      0.00012535,      0.00012452), sBGE2=(      0.00012535,      0.00012452)
Print the electron-pair energy of (  5, 25): PT2=(      0.00017493,      0.00015480), sBGE2=(      0.00017493,      0.00015480)
Print the electron-pair energy of (  5, 26): PT2=(      0.00017493,      0.00015479), sBGE2=(      0.00017493,      0.00015479)
Print the electron-pair energy of (  5, 27): PT2=(      0.00019333,      0.00016628), sBGE2=(      0.00019333,      0.00016628)
Print the electron-pair energy of (  5, 28): PT2=(      0.00003447,      0.00002614), sBGE2=(      0.00003447,      0.00002614)
Print the electron-pair energy of (  6,  6): PT2=(      0.00023244,      0.00000000), sBGE2=(      0.00023244,      0.00000000)
Print the electron-pair energy of (  6,  7): PT2=(      0.00022483,      0.00020718), sBGE2=(      0.00022483,      0.00020718)
Print the electron-pair energy of (  6,  8): PT2=(      0.00046462,      0.00000000), sBGE2=(      0.00046462,      0.00000000)
Print the electron-pair energy of (  6,  9): PT2=(      0.00022478,      0.00020715), sBGE2=(      0.00022478,      0.00020715)
Print the electron-pair energy of (  6, 10): PT2=(      0.00011274,      0.00005885), sBGE2=(      0.00011274,      0.00005885)
Print the electron-pair energy of (  6, 11): PT2=(      0.00011274,      0.00005889), sBGE2=(      0.00011274,      0.00005889)
Print the electron-pair energy of (  6, 12): PT2=(      0.00010396,      0.00009394), sBGE2=(      0.00010396,      0.00009394)
Print the electron-pair energy of (  6, 13): PT2=(      0.00010437,      0.00009444), sBGE2=(      0.00010437,      0.00009444)
Print the electron-pair energy of (  6, 14): PT2=(      0.00010432,      0.00009263), sBGE2=(      0.00010432,      0.00009263)
Print the electron-pair energy of (  6, 15): PT2=(      0.00018130,      0.00002181), sBGE2=(      0.00018130,      0.00002181)
Print the electron-pair energy of (  6, 16): PT2=(      0.00010430,      0.00009265), sBGE2=(      0.00010430,      0.00009265)
Print the electron-pair energy of (  6, 17): PT2=(      0.00018128,      0.00002172), sBGE2=(      0.00018128,      0.00002172)
Print the electron-pair energy of (  6, 18): PT2=(      0.00012944,      0.00012176), sBGE2=(      0.00012944,      0.00012176)
Print the electron-pair energy of (  6, 19): PT2=(      0.00016245,      0.00014303), sBGE2=(      0.00016245,      0.00014303)
Print the electron-pair energy of (  6, 20): PT2=(      0.00011814,      0.00011711), sBGE2=(      0.00011814,      0.00011711)
Print the electron-pair energy of (  6, 21): PT2=(      0.00016669,      0.00014615), sBGE2=(      0.00016669,      0.00014615)
Print the electron-pair energy of (  6, 22): PT2=(      0.00016667,      0.00014614), sBGE2=(      0.00016667,      0.00014614)
Print the electron-pair energy of (  6, 23): PT2=(      0.00016945,      0.00014861), sBGE2=(      0.00016945,      0.00014861)
Print the electron-pair energy of (  6, 24): PT2=(      0.00016947,      0.00014862), sBGE2=(      0.00016947,      0.00014862)
Print the electron-pair energy of (  6, 25): PT2=(      0.00017190,      0.00015129), sBGE2=(      0.00017190,      0.00015129)
Print the electron-pair energy of (  6, 26): PT2=(      0.00012495,      0.00012382), sBGE2=(      0.00012495,      0.00012382)
Print the electron-pair energy of (  6, 27): PT2=(      0.00013738,      0.00013057), sBGE2=(      0.00013738,      0.00013057)
Print the electron-pair energy of (  6, 28): PT2=(      0.00002285,      0.00001867), sBGE2=(      0.00002285,      0.00001867)
Print the electron-pair energy of (  7,  7): PT2=(      0.00023244,      0.00000000), sBGE2=(      0.00023244,      0.00000000)
Print the electron-pair energy of (  7,  8): PT2=(      0.00022478,      0.00020715), sBGE2=(      0.00022478,      0.00020715)
Print the electron-pair energy of (  7,  9): PT2=(      0.00046462,      0.00000000), sBGE2=(      0.00046462,      0.00000000)
Print the electron-pair energy of (  7, 10): PT2=(      0.00011274,      0.00005885), sBGE2=(      0.00011274,      0.00005885)
Print the electron-pair energy of (  7, 11): PT2=(      0.00011274,      0.00005889), sBGE2=(      0.00011274,      0.00005889)
Print the electron-pair energy of (  7, 12): PT2=(      0.00010396,      0.00009394), sBGE2=(      0.00010396,      0.00009394)
Print the electron-pair energy of (  7, 13): PT2=(      0.00010437,      0.00009444), sBGE2=(      0.00010437,      0.00009444)
Print the electron-pair energy of (  7, 14): PT2=(      0.00018129,      0.00002181), sBGE2=(      0.00018129,      0.00002181)
Print the electron-pair energy of (  7, 15): PT2=(      0.00010432,      0.00009263), sBGE2=(      0.00010432,      0.00009263)
Print the electron-pair energy of (  7, 16): PT2=(      0.00018128,      0.00002172), sBGE2=(      0.00018128,      0.00002172)
Print the electron-pair energy of (  7, 17): PT2=(      0.00010430,      0.00009265), sBGE2=(      0.00010430,      0.00009265)
Print the electron-pair energy of (  7, 18): PT2=(      0.00012946,      0.00012178), sBGE2=(      0.00012946,      0.00012178)
Print the electron-pair energy of (  7, 19): PT2=(      0.00011814,      0.00011712), sBGE2=(      0.00011814,      0.00011712)
Print the electron-pair energy of (  7, 20): PT2=(      0.00016244,      0.00014303), sBGE2=(      0.00016244,      0.00014303)
Print the electron-pair energy of (  7, 21): PT2=(      0.00016666,      0.00014614), sBGE2=(      0.00016666,      0.00014614)
Print the electron-pair energy of (  7, 22): PT2=(      0.00016667,      0.00014614), sBGE2=(      0.00016667,      0.00014614)
Print the electron-pair energy of (  7, 23): PT2=(      0.00016949,      0.00014864), sBGE2=(      0.00016949,      0.00014864)
Print the electron-pair energy of (  7, 24): PT2=(      0.00016947,      0.00014862), sBGE2=(      0.00016947,      0.00014862)
Print the electron-pair energy of (  7, 25): PT2=(      0.00012495,      0.00012382), sBGE2=(      0.00012495,      0.00012382)
Print the electron-pair energy of (  7, 26): PT2=(      0.00017190,      0.00015129), sBGE2=(      0.00017190,      0.00015129)
Print the electron-pair energy of (  7, 27): PT2=(      0.00013734,      0.00013055), sBGE2=(      0.00013734,      0.00013055)
Print the electron-pair energy of (  7, 28): PT2=(      0.00002285,      0.00001867), sBGE2=(      0.00002285,      0.00001867)
Print the electron-pair energy of (  8,  8): PT2=(      0.00023244,      0.00000000), sBGE2=(      0.00023244,      0.00000000)
Print the electron-pair energy of (  8,  9): PT2=(      0.00022483,      0.00020718), sBGE2=(      0.00022483,      0.00020718)
Print the electron-pair energy of (  8, 10): PT2=(      0.00011273,      0.00005889), sBGE2=(      0.00011273,      0.00005889)
Print the electron-pair energy of (  8, 11): PT2=(      0.00011273,      0.00005884), sBGE2=(      0.00011273,      0.00005884)
Print the electron-pair energy of (  8, 12): PT2=(      0.00010400,      0.00009404), sBGE2=(      0.00010400,      0.00009404)
Print the electron-pair energy of (  8, 13): PT2=(      0.00010430,      0.00009432), sBGE2=(      0.00010430,      0.00009432)
Print the electron-pair energy of (  8, 14): PT2=(      0.00010434,      0.00009267), sBGE2=(      0.00010434,      0.00009267)
Print the electron-pair energy of (  8, 15): PT2=(      0.00018131,      0.00002178), sBGE2=(      0.00018131,      0.00002178)
Print the electron-pair energy of (  8, 16): PT2=(      0.00010427,      0.00009260), sBGE2=(      0.00010427,      0.00009260)
Print the electron-pair energy of (  8, 17): PT2=(      0.00018124,      0.00002176), sBGE2=(      0.00018124,      0.00002176)
Print the electron-pair energy of (  8, 18): PT2=(      0.00012947,      0.00012181), sBGE2=(      0.00012947,      0.00012181)
Print the electron-pair energy of (  8, 19): PT2=(      0.00016247,      0.00014303), sBGE2=(      0.00016247,      0.00014303)
Print the electron-pair energy of (  8, 20): PT2=(      0.00011817,      0.00011715), sBGE2=(      0.00011817,      0.00011715)
Print the electron-pair energy of (  8, 21): PT2=(      0.00016670,      0.00014617), sBGE2=(      0.00016670,      0.00014617)
Print the electron-pair energy of (  8, 22): PT2=(      0.00016669,      0.00014616), sBGE2=(      0.00016669,      0.00014616)
Print the electron-pair energy of (  8, 23): PT2=(      0.00016947,      0.00014862), sBGE2=(      0.00016947,      0.00014862)
Print the electron-pair energy of (  8, 24): PT2=(      0.00016950,      0.00014864), sBGE2=(      0.00016950,      0.00014864)
Print the electron-pair energy of (  8, 25): PT2=(      0.00017192,      0.00015134), sBGE2=(      0.00017192,      0.00015134)
Print the electron-pair energy of (  8, 26): PT2=(      0.00012498,      0.00012385), sBGE2=(      0.00012498,      0.00012385)
Print the electron-pair energy of (  8, 27): PT2=(      0.00013743,      0.00013062), sBGE2=(      0.00013743,      0.00013062)
Print the electron-pair energy of (  8, 28): PT2=(      0.00002286,      0.00001871), sBGE2=(      0.00002286,      0.00001871)
Print the electron-pair energy of (  9,  9): PT2=(      0.00023244,      0.00000000), sBGE2=(      0.00023244,      0.00000000)
Print the electron-pair energy of (  9, 10): PT2=(      0.00011273,      0.00005889), sBGE2=(      0.00011273,      0.00005889)
Print the electron-pair energy of (  9, 11): PT2=(      0.00011273,      0.00005884), sBGE2=(      0.00011273,      0.00005884)
Print the electron-pair energy of (  9, 12): PT2=(      0.00010400,      0.00009404), sBGE2=(      0.00010400,      0.00009404)
Print the electron-pair energy of (  9, 13): PT2=(      0.00010430,      0.00009432), sBGE2=(      0.00010430,      0.00009432)
Print the electron-pair energy of (  9, 14): PT2=(      0.00018131,      0.00002178), sBGE2=(      0.00018131,      0.00002178)
Print the electron-pair energy of (  9, 15): PT2=(      0.00010434,      0.00009267), sBGE2=(      0.00010434,      0.00009267)
Print the electron-pair energy of (  9, 16): PT2=(      0.00018124,      0.00002176), sBGE2=(      0.00018124,      0.00002176)
Print the electron-pair energy of (  9, 17): PT2=(      0.00010427,      0.00009260), sBGE2=(      0.00010427,      0.00009260)
Print the electron-pair energy of (  9, 18): PT2=(      0.00012950,      0.00012182), sBGE2=(      0.00012950,      0.00012182)
Print the electron-pair energy of (  9, 19): PT2=(      0.00011817,      0.00011715), sBGE2=(      0.00011817,      0.00011715)
Print the electron-pair energy of (  9, 20): PT2=(      0.00016247,      0.00014303), sBGE2=(      0.00016247,      0.00014303)
Print the electron-pair energy of (  9, 21): PT2=(      0.00016668,      0.00014615), sBGE2=(      0.00016668,      0.00014615)
Print the electron-pair energy of (  9, 22): PT2=(      0.00016669,      0.00014616), sBGE2=(      0.00016669,      0.00014616)
Print the electron-pair energy of (  9, 23): PT2=(      0.00016952,      0.00014865), sBGE2=(      0.00016952,      0.00014865)
Print the electron-pair energy of (  9, 24): PT2=(      0.00016949,      0.00014864), sBGE2=(      0.00016949,      0.00014864)
Print the electron-pair energy of (  9, 25): PT2=(      0.00012498,      0.00012385), sBGE2=(      0.00012498,      0.00012385)
Print the electron-pair energy of (  9, 26): PT2=(      0.00017192,      0.00015134), sBGE2=(      0.00017192,      0.00015134)
Print the electron-pair energy of (  9, 27): PT2=(      0.00013738,      0.00013060), sBGE2=(      0.00013738,      0.00013060)
Print the electron-pair energy of (  9, 28): PT2=(      0.00002286,      0.00001871), sBGE2=(      0.00002286,      0.00001871)
Print the electron-pair energy of ( 10, 10): PT2=(      0.00108035,      0.00000000), sBGE2=(      0.00108035,      0.00000000)
Print the electron-pair energy of ( 10, 11): PT2=(      0.00213069,      0.00000002), sBGE2=(      0.00213069,      0.00000002)
Print the electron-pair energy of ( 10, 12): PT2=(      0.00169139,      0.00038785), sBGE2=(      0.00169139,      0.00038785)
Print the electron-pair energy of ( 10, 13): PT2=(      0.00168975,      0.00038723), sBGE2=(      0.00168975,      0.00038723)
Print the electron-pair energy of ( 10, 14): PT2=(      0.00166300,      0.00036928), sBGE2=(      0.00166300,      0.00036928)
Print the electron-pair energy of ( 10, 15): PT2=(      0.00166300,      0.00036928), sBGE2=(      0.00166300,      0.00036928)
Print the electron-pair energy of ( 10, 16): PT2=(      0.00166469,      0.00036898), sBGE2=(      0.00166469,      0.00036898)
Print the electron-pair energy of ( 10, 17): PT2=(      0.00166470,      0.00036898), sBGE2=(      0.00166470,      0.00036898)
Print the electron-pair energy of ( 10, 18): PT2=(      0.00226318,      0.00117488), sBGE2=(      0.00226318,      0.00117488)
Print the electron-pair energy of ( 10, 19): PT2=(      0.00236339,      0.00122705), sBGE2=(      0.00236339,      0.00122705)
Print the electron-pair energy of ( 10, 20): PT2=(      0.00236338,      0.00122706), sBGE2=(      0.00236338,      0.00122706)
Print the electron-pair energy of ( 10, 21): PT2=(      0.00244833,      0.00124727), sBGE2=(      0.00244833,      0.00124727)
Print the electron-pair energy of ( 10, 22): PT2=(      0.00244834,      0.00124728), sBGE2=(      0.00244834,      0.00124728)
Print the electron-pair energy of ( 10, 23): PT2=(      0.00250079,      0.00127771), sBGE2=(      0.00250079,      0.00127771)
Print the electron-pair energy of ( 10, 24): PT2=(      0.00250080,      0.00127772), sBGE2=(      0.00250080,      0.00127772)
Print the electron-pair energy of ( 10, 25): PT2=(      0.00254062,      0.00133448), sBGE2=(      0.00254062,      0.00133448)
Print the electron-pair energy of ( 10, 26): PT2=(      0.00254062,      0.00133449), sBGE2=(      0.00254062,      0.00133449)
Print the electron-pair energy of ( 10, 27): PT2=(      0.00251946,      0.00134142), sBGE2=(      0.00251946,      0.00134142)
Print the electron-pair energy of ( 10, 28): PT2=(      0.00024220,      0.00014261), sBGE2=(      0.00024220,      0.00014261)
Print the electron-pair energy of ( 11, 11): PT2=(      0.00108074,      0.00000000), sBGE2=(      0.00108074,      0.00000000)
Print the electron-pair energy of ( 11, 12): PT2=(      0.00168614,      0.00038963), sBGE2=(      0.00168614,      0.00038963)
Print the electron-pair energy of ( 11, 13): PT2=(      0.00169790,      0.00038667), sBGE2=(      0.00169790,      0.00038667)
Print the electron-pair energy of ( 11, 14): PT2=(      0.00166396,      0.00036934), sBGE2=(      0.00166396,      0.00036934)
Print the electron-pair energy of ( 11, 15): PT2=(      0.00166397,      0.00036934), sBGE2=(      0.00166397,      0.00036934)
Print the electron-pair energy of ( 11, 16): PT2=(      0.00166498,      0.00036917), sBGE2=(      0.00166498,      0.00036917)
Print the electron-pair energy of ( 11, 17): PT2=(      0.00166498,      0.00036917), sBGE2=(      0.00166498,      0.00036917)
Print the electron-pair energy of ( 11, 18): PT2=(      0.00227782,      0.00121264), sBGE2=(      0.00227782,      0.00121264)
Print the electron-pair energy of ( 11, 19): PT2=(      0.00238804,      0.00125412), sBGE2=(      0.00238804,      0.00125412)
Print the electron-pair energy of ( 11, 20): PT2=(      0.00238803,      0.00125413), sBGE2=(      0.00238803,      0.00125413)
Print the electron-pair energy of ( 11, 21): PT2=(      0.00245637,      0.00125449), sBGE2=(      0.00245637,      0.00125449)
Print the electron-pair energy of ( 11, 22): PT2=(      0.00245637,      0.00125450), sBGE2=(      0.00245637,      0.00125450)
Print the electron-pair energy of ( 11, 23): PT2=(      0.00249122,      0.00126897), sBGE2=(      0.00249122,      0.00126897)
Print the electron-pair energy of ( 11, 24): PT2=(      0.00249122,      0.00126898), sBGE2=(      0.00249122,      0.00126898)
Print the electron-pair energy of ( 11, 25): PT2=(      0.00251520,      0.00130666), sBGE2=(      0.00251520,      0.00130666)
Print the electron-pair energy of ( 11, 26): PT2=(      0.00251521,      0.00130667), sBGE2=(      0.00251521,      0.00130667)
Print the electron-pair energy of ( 11, 27): PT2=(      0.00250511,      0.00131022), sBGE2=(      0.00250511,      0.00131022)
Print the electron-pair energy of ( 11, 28): PT2=(      0.00024242,      0.00014378), sBGE2=(      0.00024242,      0.00014378)
Print the electron-pair energy of ( 12, 12): PT2=(      0.00244908,      0.00000000), sBGE2=(      0.00244908,      0.00000000)
Print the electron-pair energy of ( 12, 13): PT2=(      0.00485385,      0.00000047), sBGE2=(      0.00485385,      0.00000047)
Print the electron-pair energy of ( 12, 14): PT2=(      0.00204611,      0.00143679), sBGE2=(      0.00204611,      0.00143679)
Print the electron-pair energy of ( 12, 15): PT2=(      0.00204611,      0.00143679), sBGE2=(      0.00204611,      0.00143679)
Print the electron-pair energy of ( 12, 16): PT2=(      0.00203859,      0.00142771), sBGE2=(      0.00203859,      0.00142771)
Print the electron-pair energy of ( 12, 17): PT2=(      0.00203859,      0.00142771), sBGE2=(      0.00203859,      0.00142771)
Print the electron-pair energy of ( 12, 18): PT2=(      0.00472340,      0.00247056), sBGE2=(      0.00472340,      0.00247056)
Print the electron-pair energy of ( 12, 19): PT2=(      0.00440306,      0.00228684), sBGE2=(      0.00440306,      0.00228684)
Print the electron-pair energy of ( 12, 20): PT2=(      0.00440306,      0.00228685), sBGE2=(      0.00440306,      0.00228685)
Print the electron-pair energy of ( 12, 21): PT2=(      0.00278733,      0.00237953), sBGE2=(      0.00278733,      0.00237953)
Print the electron-pair energy of ( 12, 22): PT2=(      0.00278734,      0.00237953), sBGE2=(      0.00278734,      0.00237953)
Print the electron-pair energy of ( 12, 23): PT2=(      0.00284212,      0.00242836), sBGE2=(      0.00284212,      0.00242836)
Print the electron-pair energy of ( 12, 24): PT2=(      0.00284214,      0.00242837), sBGE2=(      0.00284214,      0.00242837)
Print the electron-pair energy of ( 12, 25): PT2=(      0.00469105,      0.00242852), sBGE2=(      0.00469105,      0.00242852)
Print the electron-pair energy of ( 12, 26): PT2=(      0.00469107,      0.00242854), sBGE2=(      0.00469107,      0.00242854)
Print the electron-pair energy of ( 12, 27): PT2=(      0.00526755,      0.00227827), sBGE2=(      0.00526755,      0.00227827)
Print the electron-pair energy of ( 12, 28): PT2=(      0.00076942,      0.00039733), sBGE2=(      0.00076942,      0.00039733)
Print the electron-pair energy of ( 13, 13): PT2=(      0.00246087,      0.00000000), sBGE2=(      0.00246087,      0.00000000)
Print the electron-pair energy of ( 13, 14): PT2=(      0.00204292,      0.00143065), sBGE2=(      0.00204292,      0.00143065)
Print the electron-pair energy of ( 13, 15): PT2=(      0.00204292,      0.00143065), sBGE2=(      0.00204292,      0.00143065)
Print the electron-pair energy of ( 13, 16): PT2=(      0.00205356,      0.00144191), sBGE2=(      0.00205356,      0.00144191)
Print the electron-pair energy of ( 13, 17): PT2=(      0.00205356,      0.00144191), sBGE2=(      0.00205356,      0.00144191)
Print the electron-pair energy of ( 13, 18): PT2=(      0.00479815,      0.00262583), sBGE2=(      0.00479815,      0.00262583)
Print the electron-pair energy of ( 13, 19): PT2=(      0.00444558,      0.00232277), sBGE2=(      0.00444558,      0.00232277)
Print the electron-pair energy of ( 13, 20): PT2=(      0.00444558,      0.00232279), sBGE2=(      0.00444558,      0.00232279)
Print the electron-pair energy of ( 13, 21): PT2=(      0.00280398,      0.00239657), sBGE2=(      0.00280398,      0.00239657)
Print the electron-pair energy of ( 13, 22): PT2=(      0.00280399,      0.00239657), sBGE2=(      0.00280399,      0.00239657)
Print the electron-pair energy of ( 13, 23): PT2=(      0.00285876,      0.00244477), sBGE2=(      0.00285876,      0.00244477)
Print the electron-pair energy of ( 13, 24): PT2=(      0.00285877,      0.00244478), sBGE2=(      0.00285877,      0.00244478)
Print the electron-pair energy of ( 13, 25): PT2=(      0.00472320,      0.00244957), sBGE2=(      0.00472320,      0.00244957)
Print the electron-pair energy of ( 13, 26): PT2=(      0.00472322,      0.00244959), sBGE2=(      0.00472322,      0.00244959)
Print the electron-pair energy of ( 13, 27): PT2=(      0.00531400,      0.00228424), sBGE2=(      0.00531400,      0.00228424)
Print the electron-pair energy of ( 13, 28): PT2=(      0.00080249,      0.00045547), sBGE2=(      0.00080249,      0.00045547)
Print the electron-pair energy of ( 14, 14): PT2=(      0.00239745,      0.00000000), sBGE2=(      0.00239745,      0.00000000)
Print the electron-pair energy of ( 14, 15): PT2=(      0.00203504,      0.00140078), sBGE2=(      0.00203504,      0.00140078)
Print the electron-pair energy of ( 14, 16): PT2=(      0.00477507,      0.00000008), sBGE2=(      0.00477507,      0.00000008)
Print the electron-pair energy of ( 14, 17): PT2=(      0.00202992,      0.00139648), sBGE2=(      0.00202992,      0.00139648)
Print the electron-pair energy of ( 14, 18): PT2=(      0.00314228,      0.00209013), sBGE2=(      0.00314228,      0.00209013)
Print the electron-pair energy of ( 14, 19): PT2=(      0.00268760,      0.00228890), sBGE2=(      0.00268760,      0.00228890)
Print the electron-pair energy of ( 14, 20): PT2=(      0.00430773,      0.00224051), sBGE2=(      0.00430773,      0.00224051)
Print the electron-pair energy of ( 14, 21): PT2=(      0.00439573,      0.00225521), sBGE2=(      0.00439573,      0.00225521)
Print the electron-pair energy of ( 14, 22): PT2=(      0.00439613,      0.00225515), sBGE2=(      0.00439613,      0.00225515)
Print the electron-pair energy of ( 14, 23): PT2=(      0.00447705,      0.00229424), sBGE2=(      0.00447705,      0.00229424)
Print the electron-pair energy of ( 14, 24): PT2=(      0.00447618,      0.00229426), sBGE2=(      0.00447618,      0.00229426)
Print the electron-pair energy of ( 14, 25): PT2=(      0.00288414,      0.00246554), sBGE2=(      0.00288414,      0.00246554)
Print the electron-pair energy of ( 14, 26): PT2=(      0.00458732,      0.00239645), sBGE2=(      0.00458732,      0.00239645)
Print the electron-pair energy of ( 14, 27): PT2=(      0.00346439,      0.00252984), sBGE2=(      0.00346439,      0.00252984)
Print the electron-pair energy of ( 14, 28): PT2=(      0.00060090,      0.00073416), sBGE2=(      0.00060090,      0.00073416)
Print the electron-pair energy of ( 15, 15): PT2=(      0.00239745,      0.00000000), sBGE2=(      0.00239745,      0.00000000)
Print the electron-pair energy of ( 15, 16): PT2=(      0.00202992,      0.00139648), sBGE2=(      0.00202992,      0.00139648)
Print the electron-pair energy of ( 15, 17): PT2=(      0.00477508,      0.00000008), sBGE2=(      0.00477508,      0.00000008)
Print the electron-pair energy of ( 15, 18): PT2=(      0.00314148,      0.00209025), sBGE2=(      0.00314148,      0.00209025)
Print the electron-pair energy of ( 15, 19): PT2=(      0.00430773,      0.00224050), sBGE2=(      0.00430773,      0.00224050)
Print the electron-pair energy of ( 15, 20): PT2=(      0.00268760,      0.00228890), sBGE2=(      0.00268760,      0.00228890)
Print the electron-pair energy of ( 15, 21): PT2=(      0.00439651,      0.00225506), sBGE2=(      0.00439651,      0.00225506)
Print the electron-pair energy of ( 15, 22): PT2=(      0.00439613,      0.00225515), sBGE2=(      0.00439613,      0.00225515)
Print the electron-pair energy of ( 15, 23): PT2=(      0.00447528,      0.00229423), sBGE2=(      0.00447528,      0.00229423)
Print the electron-pair energy of ( 15, 24): PT2=(      0.00447618,      0.00229426), sBGE2=(      0.00447618,      0.00229426)
Print the electron-pair energy of ( 15, 25): PT2=(      0.00458730,      0.00239643), sBGE2=(      0.00458730,      0.00239643)
Print the electron-pair energy of ( 15, 26): PT2=(      0.00288415,      0.00246555), sBGE2=(      0.00288415,      0.00246555)
Print the electron-pair energy of ( 15, 27): PT2=(      0.00346616,      0.00252987), sBGE2=(      0.00346616,      0.00252987)
Print the electron-pair energy of ( 15, 28): PT2=(      0.00060092,      0.00073420), sBGE2=(      0.00060092,      0.00073420)
Print the electron-pair energy of ( 16, 16): PT2=(      0.00239925,      0.00000000), sBGE2=(      0.00239925,      0.00000000)
Print the electron-pair energy of ( 16, 17): PT2=(      0.00203636,      0.00140147), sBGE2=(      0.00203636,      0.00140147)
Print the electron-pair energy of ( 16, 18): PT2=(      0.00314782,      0.00209665), sBGE2=(      0.00314782,      0.00209665)
Print the electron-pair energy of ( 16, 19): PT2=(      0.00268852,      0.00229059), sBGE2=(      0.00268852,      0.00229059)
Print the electron-pair energy of ( 16, 20): PT2=(      0.00430809,      0.00224985), sBGE2=(      0.00430809,      0.00224985)
Print the electron-pair energy of ( 16, 21): PT2=(      0.00439413,      0.00225327), sBGE2=(      0.00439413,      0.00225327)
Print the electron-pair energy of ( 16, 22): PT2=(      0.00439453,      0.00225321), sBGE2=(      0.00439453,      0.00225321)
Print the electron-pair energy of ( 16, 23): PT2=(      0.00447353,      0.00229105), sBGE2=(      0.00447353,      0.00229105)
Print the electron-pair energy of ( 16, 24): PT2=(      0.00447266,      0.00229106), sBGE2=(      0.00447266,      0.00229106)
Print the electron-pair energy of ( 16, 25): PT2=(      0.00288020,      0.00245981), sBGE2=(      0.00288020,      0.00245981)
Print the electron-pair energy of ( 16, 26): PT2=(      0.00458614,      0.00237586), sBGE2=(      0.00458614,      0.00237586)
Print the electron-pair energy of ( 16, 27): PT2=(      0.00346423,      0.00252219), sBGE2=(      0.00346423,      0.00252219)
Print the electron-pair energy of ( 16, 28): PT2=(      0.00059503,      0.00072039), sBGE2=(      0.00059503,      0.00072039)
Print the electron-pair energy of ( 17, 17): PT2=(      0.00239925,      0.00000000), sBGE2=(      0.00239925,      0.00000000)
Print the electron-pair energy of ( 17, 18): PT2=(      0.00314703,      0.00209677), sBGE2=(      0.00314703,      0.00209677)
Print the electron-pair energy of ( 17, 19): PT2=(      0.00430809,      0.00224984), sBGE2=(      0.00430809,      0.00224984)
Print the electron-pair energy of ( 17, 20): PT2=(      0.00268852,      0.00229060), sBGE2=(      0.00268852,      0.00229060)
Print the electron-pair energy of ( 17, 21): PT2=(      0.00439491,      0.00225312), sBGE2=(      0.00439491,      0.00225312)
Print the electron-pair energy of ( 17, 22): PT2=(      0.00439453,      0.00225321), sBGE2=(      0.00439453,      0.00225321)
Print the electron-pair energy of ( 17, 23): PT2=(      0.00447177,      0.00229104), sBGE2=(      0.00447177,      0.00229104)
Print the electron-pair energy of ( 17, 24): PT2=(      0.00447267,      0.00229107), sBGE2=(      0.00447267,      0.00229107)
Print the electron-pair energy of ( 17, 25): PT2=(      0.00458612,      0.00237584), sBGE2=(      0.00458612,      0.00237584)
Print the electron-pair energy of ( 17, 26): PT2=(      0.00288021,      0.00245982), sBGE2=(      0.00288021,      0.00245982)
Print the electron-pair energy of ( 17, 27): PT2=(      0.00346599,      0.00252221), sBGE2=(      0.00346599,      0.00252221)
Print the electron-pair energy of ( 17, 28): PT2=(      0.00059504,      0.00072043), sBGE2=(      0.00059504,      0.00072043)
Print the electron-pair energy of ( 18, 18): PT2=(      0.01185006,      0.00000000), sBGE2=(      0.01183255,      0.00000000)
Print the electron-pair energy of ( 18, 19): PT2=(      0.01374981,      0.01276245), sBGE2=(      0.01374683,      0.01276047)
Print the electron-pair energy of ( 18, 20): PT2=(      0.01375064,      0.01276470), sBGE2=(      0.01374765,      0.01276272)
Print the electron-pair energy of ( 18, 21): PT2=(      0.01125886,      0.00845156), sBGE2=(      0.01125806,      0.00845110)
Print the electron-pair energy of ( 18, 22): PT2=(      0.01125897,      0.00845166), sBGE2=(      0.01125817,      0.00845119)
Print the electron-pair energy of ( 18, 23): PT2=(      0.01159114,      0.00877649), sBGE2=(      0.01158990,      0.00877570)
Print the electron-pair energy of ( 18, 24): PT2=(      0.01159127,      0.00877661), sBGE2=(      0.01159002,      0.00877582)
Print the electron-pair energy of ( 18, 25): PT2=(      0.01443641,      0.01408906), sBGE2=(      0.01443179,      0.01408460)
Print the electron-pair energy of ( 18, 26): PT2=(      0.01443745,      0.01409137), sBGE2=(      0.01443283,      0.01408691)
Print the electron-pair energy of ( 18, 27): PT2=(      0.02008035,      0.00106536), sBGE2=(      0.02007328,      0.00106526)
Print the electron-pair energy of ( 18, 28): PT2=(      0.00861167,      0.00305266), sBGE2=(      0.00858654,      0.00305227)
Print the electron-pair energy of ( 19, 19): PT2=(      0.01032843,      0.00000000), sBGE2=(      0.01032455,      0.00000000)
Print the electron-pair energy of ( 19, 20): PT2=(      0.01245341,      0.01009669), sBGE2=(      0.01245168,      0.01009567)
Print the electron-pair energy of ( 19, 21): PT2=(      0.01227423,      0.00997810), sBGE2=(      0.01227318,      0.00997750)
Print the electron-pair energy of ( 19, 22): PT2=(      0.01227405,      0.00997713), sBGE2=(      0.01227300,      0.00997653)
Print the electron-pair energy of ( 19, 23): PT2=(      0.01230801,      0.01009431), sBGE2=(      0.01230713,      0.01009373)
Print the electron-pair energy of ( 19, 24): PT2=(      0.01230927,      0.01009678), sBGE2=(      0.01230839,      0.01009620)
Print the electron-pair energy of ( 19, 25): PT2=(      0.02046394,      0.00010256), sBGE2=(      0.02046053,      0.00010255)
Print the electron-pair energy of ( 19, 26): PT2=(      0.01261948,      0.01036896), sBGE2=(      0.01261847,      0.01036825)
Print the electron-pair energy of ( 19, 27): PT2=(      0.01412935,      0.01365974), sBGE2=(      0.01412700,      0.01365766)
Print the electron-pair energy of ( 19, 28): PT2=(      0.00529915,      0.00352364), sBGE2=(      0.00529588,      0.00352298)
Print the electron-pair energy of ( 20, 20): PT2=(      0.01032861,      0.00000000), sBGE2=(      0.01032473,      0.00000000)
Print the electron-pair energy of ( 20, 21): PT2=(      0.01227372,      0.00997605), sBGE2=(      0.01227267,      0.00997545)
Print the electron-pair energy of ( 20, 22): PT2=(      0.01227415,      0.00997721), sBGE2=(      0.01227310,      0.00997661)
Print the electron-pair energy of ( 20, 23): PT2=(      0.01231037,      0.01009911), sBGE2=(      0.01230949,      0.01009853)
Print the electron-pair energy of ( 20, 24): PT2=(      0.01230936,      0.01009685), sBGE2=(      0.01230848,      0.01009627)
Print the electron-pair energy of ( 20, 25): PT2=(      0.01261944,      0.01036892), sBGE2=(      0.01261842,      0.01036821)
Print the electron-pair energy of ( 20, 26): PT2=(      0.02046424,      0.00010257), sBGE2=(      0.02046084,      0.00010257)
Print the electron-pair energy of ( 20, 27): PT2=(      0.01412713,      0.01365507), sBGE2=(      0.01412479,      0.01365300)
Print the electron-pair energy of ( 20, 28): PT2=(      0.00529921,      0.00352366), sBGE2=(      0.00529593,      0.00352299)
Print the electron-pair energy of ( 21, 21): PT2=(      0.01015367,      0.00000000), sBGE2=(      0.01015113,      0.00000000)
Print the electron-pair energy of ( 21, 22): PT2=(      0.01408396,      0.01456027), sBGE2=(      0.01408294,      0.01455889)
Print the electron-pair energy of ( 21, 23): PT2=(      0.02036790,      0.00001486), sBGE2=(      0.02036516,      0.00001486)
Print the electron-pair energy of ( 21, 24): PT2=(      0.01425351,      0.01471500), sBGE2=(      0.01425268,      0.01471397)
Print the electron-pair energy of ( 21, 25): PT2=(      0.01295190,      0.01061950), sBGE2=(      0.01295087,      0.01061887)
Print the electron-pair energy of ( 21, 26): PT2=(      0.01295127,      0.01061753), sBGE2=(      0.01295023,      0.01061690)
Print the electron-pair energy of ( 21, 27): PT2=(      0.01302963,      0.00933441), sBGE2=(      0.01302771,      0.00933372)
Print the electron-pair energy of ( 21, 28): PT2=(      0.00540130,      0.00316127), sBGE2=(      0.00539788,      0.00316108)
Print the electron-pair energy of ( 22, 22): PT2=(      0.01015385,      0.00000000), sBGE2=(      0.01015131,      0.00000000)
Print the electron-pair energy of ( 22, 23): PT2=(      0.01425350,      0.01471499), sBGE2=(      0.01425267,      0.01471396)
Print the electron-pair energy of ( 22, 24): PT2=(      0.02036827,      0.00001486), sBGE2=(      0.02036554,      0.00001486)
Print the electron-pair energy of ( 22, 25): PT2=(      0.01295164,      0.01061856), sBGE2=(      0.01295060,      0.01061793)
Print the electron-pair energy of ( 22, 26): PT2=(      0.01295178,      0.01061867), sBGE2=(      0.01295074,      0.01061804)
Print the electron-pair energy of ( 22, 27): PT2=(      0.01302978,      0.00933452), sBGE2=(      0.01302785,      0.00933382)
Print the electron-pair energy of ( 22, 28): PT2=(      0.00540147,      0.00316132), sBGE2=(      0.00539805,      0.00316113)
Print the electron-pair energy of ( 23, 23): PT2=(      0.01045340,      0.00000000), sBGE2=(      0.01045093,      0.00000000)
Print the electron-pair energy of ( 23, 24): PT2=(      0.01458336,      0.01504622), sBGE2=(      0.01458240,      0.01504504)
Print the electron-pair energy of ( 23, 25): PT2=(      0.01341144,      0.01102820), sBGE2=(      0.01341018,      0.01102741)
Print the electron-pair energy of ( 23, 26): PT2=(      0.01341387,      0.01103334), sBGE2=(      0.01341261,      0.01103255)
Print the electron-pair energy of ( 23, 27): PT2=(      0.01335876,      0.00961994), sBGE2=(      0.01335700,      0.00961927)
Print the electron-pair energy of ( 23, 28): PT2=(      0.00529412,      0.00367843), sBGE2=(      0.00529183,      0.00367792)
Print the electron-pair energy of ( 24, 24): PT2=(      0.01045360,      0.00000000), sBGE2=(      0.01045114,      0.00000000)
Print the electron-pair energy of ( 24, 25): PT2=(      0.01341273,      0.01103083), sBGE2=(      0.01341147,      0.01103004)
Print the electron-pair energy of ( 24, 26): PT2=(      0.01341289,      0.01103096), sBGE2=(      0.01341162,      0.01103017)
Print the electron-pair energy of ( 24, 27): PT2=(      0.01335892,      0.00962006), sBGE2=(      0.01335716,      0.00961938)
Print the electron-pair energy of ( 24, 28): PT2=(      0.00529428,      0.00367851), sBGE2=(      0.00529198,      0.00367800)
Print the electron-pair energy of ( 25, 25): PT2=(      0.01156958,      0.00000000), sBGE2=(      0.01156386,      0.00000000)
Print the electron-pair energy of ( 25, 26): PT2=(      0.01448284,      0.01196353), sBGE2=(      0.01447976,      0.01196148)
Print the electron-pair energy of ( 25, 27): PT2=(      0.01579476,      0.01530370), sBGE2=(      0.01579141,      0.01530045)
Print the electron-pair energy of ( 25, 28): PT2=(      0.00613304,      0.00504942), sBGE2=(      0.00612650,      0.00504701)
Print the electron-pair energy of ( 26, 26): PT2=(      0.01156986,      0.00000000), sBGE2=(      0.01156414,      0.00000000)
Print the electron-pair energy of ( 26, 27): PT2=(      0.01579265,      0.01529885), sBGE2=(      0.01578930,      0.01529560)
Print the electron-pair energy of ( 26, 28): PT2=(      0.00613321,      0.00504954), sBGE2=(      0.00612667,      0.00504713)
Print the electron-pair energy of ( 27, 27): PT2=(      0.01175520,      0.00000000), sBGE2=(      0.01174618,      0.00000000)
Print the electron-pair energy of ( 27, 28): PT2=(      0.00773252,      0.00475962), sBGE2=(      0.00772405,      0.00475611)
Print the electron-pair energy of ( 28, 28): PT2=(      0.02979292,      0.00000000), sBGE2=(      0.02864964,      0.00000000)
----------------------------------------------------------------------
Methods         :       Total Corr,          OS Corr,          SS Corr
----------------------------------------------------------------------
PT2             :      -1.91867562,      -1.21915706,      -0.69951857
RPA             :      -1.49054311,       0.00000000,       0.00000000
SBGE2           :      -1.91726730,      -1.21780854,      -0.69945876
----------------------------------------------------------------------

====================================================
              REST: Mission accomplished
====================================================
The SCF (PBE0) energy:   -3280.62186387 Ha
Detailed time report:
SCF       |:   21.638 s for the scf procedure
Overall   |:  674.466 s for the whole job
